#
# A fatal error has been detected by the Java Runtime Environment:
#
#  EXCEPTION_ACCESS_VIOLATION (0xc0000005) at pc=0x000000006d29e678, pid=9696, tid=1796
#
# JRE version: Java(TM) SE Runtime Environment (9.0+11) (build 9.0.4+11)
# Java VM: Java HotSpot(TM) 64-Bit Server VM (9.0.4+11, mixed mode, tiered, compressed oops, g1 gc, windows-amd64)
# Problematic frame:
# V  [jvm.dll+0x51e678]
#
# No core dump will be written. Minidumps are not enabled by default on client versions of Windows
#
# If you would like to submit a bug report, please visit:
#   http://bugreport.java.com/bugreport/crash.jsp
#

---------------  S U M M A R Y ------------

Command Line: -Dsun.java2d.pmoffscreen=false -Dsun.java2d.xrender=false -Dsun.java2d.d3d=false -Dsun.awt.nopixfmt=true -Dsun.java2d.dpiaware=true -Dsun.java2d.uiScale.enabled=false -Xverify:none -Dswing.aatext=true -XX:-UsePerfData -Djdk.map.althashing.threshold=512 -XX:StringTableSize=4072 --add-opens=java.base/java.nio=ALL-UNNAMED --add-opens=java.desktop/sun.swing=ALL-UNNAMED --add-opens=java.desktop/javax.swing=ALL-UNNAMED --add-opens=java.desktop/javax.swing.tree=ALL-UNNAMED --add-opens=java.desktop/javax.swing.plaf.basic=ALL-UNNAMED --add-opens=java.desktop/javax.swing.plaf.synth=ALL-UNNAMED --add-opens=java.desktop/com.sun.awt=ALL-UNNAMED -XX:NewSize=60m -XX:MaxNewSize=60m -Xms128m -Xmx3072m -Xss5m 

Host: Intel(R) Core(TM) i5-8250U CPU @ 1.60GHz, 8 cores, 15G,  Windows 10 , 64 bit Build 19041 (10.0.19041.292)
Time: Tue Jul 28 09:36:15 2020 Sri Lanka Standard Time elapsed time: 44646 seconds (0d 12h 24m 6s)

---------------  T H R E A D  ---------------

Current thread (0x000002e4b9508800):  VMThread "VM Thread" [stack: 0x000000f7d8b00000,0x000000f7d8c00000] [id=1796]

Stack: [0x000000f7d8b00000,0x000000f7d8c00000],  sp=0x000000f7d8bfd9d0,  free space=1014k
Native frames: (J=compiled Java code, j=interpreted, Vv=VM code, C=native code)
V  [jvm.dll+0x51e678]
V  [jvm.dll+0x5219fd]
V  [jvm.dll+0x668978]
V  [jvm.dll+0x668fdd]
V  [jvm.dll+0x2d57d5]
V  [jvm.dll+0x2d5834]
V  [jvm.dll+0x2c2ca7]
V  [jvm.dll+0x2c2b20]
V  [jvm.dll+0x2acd9b]
V  [jvm.dll+0x6a3df3]
V  [jvm.dll+0x6a366b]
V  [jvm.dll+0x6a1e05]
V  [jvm.dll+0x6a25e1]
V  [jvm.dll+0x6a28cc]
V  [jvm.dll+0x586490]
C  [MSVCR120.dll+0x24f7f]
C  [MSVCR120.dll+0x25126]
C  [KERNEL32.DLL+0x16fd4]
C  [ntdll.dll+0x4cec1]


siginfo: EXCEPTION_ACCESS_VIOLATION (0xc0000005), reading address 0x00000000000000b0


Register to memory mapping:

RIP=0x000000006d29e678 jvm.dll
RAX=0x0000000000000000 is an unknown value
RBX=0x000000070684a930 is an unallocated location in the heap
RCX=0x0000000000000003 is an unknown value
RDX=0x0000000000000000 is an unknown value
RSP=0x000000f7d8bfd9d0 is an unknown value
RBP=0x00000007c0715778 is pointing into metadata
RSI=0x000000070604a96c is pointing into object: 0x000000070604a948
de.javasoft.plaf.synthetica.painter.AnimationThreadFactory$AnimationThread$WeakComponent 
{0x000000070604a948} - klass: 'de/javasoft/plaf/synthetica/painter/AnimationThreadFactory$AnimationThread$WeakComponent'
RDI=0x000000070604a964 is pointing into object: 0x000000070604a948
de.javasoft.plaf.synthetica.painter.AnimationThreadFactory$AnimationThread$WeakComponent 
{0x000000070604a948} - klass: 'de/javasoft/plaf/synthetica/painter/AnimationThreadFactory$AnimationThread$WeakComponent'
R8 =0x0000000000000000 is an unknown value
R9 =0x00000007c0715558 is pointing into metadata
R10=0x00000007c0715758 is pointing into metadata
R11=0x000000000000000c is an unknown value
R12=0x000000070604a948 is an oop
de.javasoft.plaf.synthetica.painter.AnimationThreadFactory$AnimationThread$WeakComponent 
{0x000000070604a948} - klass: 'de/javasoft/plaf/synthetica/painter/AnimationThreadFactory$AnimationThread$WeakComponent'
R13=0x00000007c0715558 is pointing into metadata
R14=0x00000007c0715770 is pointing into metadata
R15=0x0000007fffffff00 is an unknown value


Registers:
RAX=0x0000000000000000, RBX=0x000000070684a930, RCX=0x0000000000000003, RDX=0x0000000000000000
RSP=0x000000f7d8bfd9d0, RBP=0x00000007c0715778, RSI=0x000000070604a96c, RDI=0x000000070604a964
R8 =0x0000000000000000, R9 =0x00000007c0715558, R10=0x00000007c0715758, R11=0x000000000000000c
R12=0x000000070604a948, R13=0x00000007c0715558, R14=0x00000007c0715770, R15=0x0000007fffffff00
RIP=0x000000006d29e678, EFLAGS=0x0000000000010246

Top of Stack: (sp=0x000000f7d8bfd9d0)
0x000000f7d8bfd9d0:   0000000000000000 000000006d2a254d
0x000000f7d8bfd9e0:   000000000000000c 00000007039282a0
0x000000f7d8bfd9f0:   000000000000000c 0000007fffffff00
0x000000f7d8bfda00:   000002e4ea083d00 0000000000000000
0x000000f7d8bfda10:   0000000000000001 000000006d6d12c0
0x000000f7d8bfda20:   000000070604a948 000000006d2a19fd
0x000000f7d8bfda30:   0000000000000003 0000000000000000
0x000000f7d8bfda40:   000000006d689108 0000000000000003
0x000000f7d8bfda50:   000000070604a9a0 0101000000000000
0x000000f7d8bfda60:   000000f7d8bfef90 000000f7d8bfef90
0x000000f7d8bfda70:   000000006d6890d8 000000006d3e8978
0x000000f7d8bfda80:   000002e4e1f67800 000000f7d8bfee30
0x000000f7d8bfda90:   000002e4e1f67800 000002e4e1f67800
0x000000f7d8bfdaa0:   000000006d6d7cd8 000000006d4f4cc0
0x000000f7d8bfdab0:   0000000000000000 000002e4b3aa0280
0x000000f7d8bfdac0:   0000000000000000 000000006d4f2cf8 

Instructions: (pc=0x000000006d29e678)
0x000000006d29e658:   b8 93 43 00 00 74 15 8b 43 08 8b 0d 60 cb 3e 00
0x000000006d29e668:   48 d3 e0 48 03 05 4e cb 3e 00 eb 04 48 8b 43 08
0x000000006d29e678:   0f b6 80 b0 00 00 00 24 07 3c 05 74 0b 49 83 f8
0x000000006d29e688:   01 75 05 49 85 d7 74 08 48 8b cb e8 f8 41 00 00 


VM_Operation (0x000000f7e67fee50): G1CollectFull, mode: safepoint, requested by thread 0x000002e4e1f67800


---------------  P R O C E S S  ---------------

Java Threads: ( => current thread )
  0x000002e4e1f67800 JavaThread "Trashcan Thread" [_thread_blocked, id=13352, stack(0x000000f7e6300000,0x000000f7e6800000)]
  0x000002e4e2866800 JavaThread "Monitor File Timestamp Swing Worker Thread" [_thread_blocked, id=1836, stack(0x000000f7e4000000,0x000000f7e4500000)]
  0x000002e4e286a000 JavaThread "Timer-6" [_thread_blocked, id=16604, stack(0x000000f7e3100000,0x000000f7e3600000)]
  0x000002e4e286b800 JavaThread "Monitor File Timestamp Swing Worker Thread" [_thread_blocked, id=2564, stack(0x000000f7e5900000,0x000000f7e5e00000)]
  0x000002e4e2864000 JavaThread "Timer-3" [_thread_blocked, id=12436, stack(0x000000f7e5400000,0x000000f7e5900000)]
  0x000002e4e2863800 JavaThread "Update Runs Swing Worker Thread" [_thread_blocked, id=4684, stack(0x000000f7e4f00000,0x000000f7e5400000)]
  0x000002e4e2868800 JavaThread "Refresh Filesets Swing Worker Thread" [_thread_blocked, id=8708, stack(0x000000f7e4500000,0x000000f7e4a00000)]
  0x000002e4e2868000 JavaThread "Monitor File Timestamp Swing Worker Thread" [_thread_blocked, id=3764, stack(0x000000f7e3600000,0x000000f7e3b00000)]
  0x000002e4e2862000 JavaThread "Timer-2" [_thread_blocked, id=1756, stack(0x000000f7e0c00000,0x000000f7e1100000)]
  0x000002e4e1f6b000 JavaThread "ForkJoinPool.commonPool-worker-9" daemon [_thread_blocked, id=13212, stack(0x000000f7e0700000,0x000000f7e0c00000)]
  0x000002e4e1f72800 JavaThread "Image Animator 0" daemon [_thread_blocked, id=1348, stack(0x000000f7e3b00000,0x000000f7e4000000)]
  0x000002e4e1f6f800 JavaThread "Monitor File Timestamp Swing Worker Thread" [_thread_blocked, id=12100, stack(0x000000f7e2c00000,0x000000f7e3100000)]
  0x000002e4e1f76800 JavaThread "Timer-1" [_thread_blocked, id=12764, stack(0x000000f7e2200000,0x000000f7e2700000)]
  0x000002e4e1f6c000 JavaThread "SyntheticaAnimation 50" daemon [_thread_blocked, id=5508, stack(0x000000f7e2700000,0x000000f7e2c00000)]
  0x000002e4e1f72000 JavaThread "Swing-Shell" daemon [_thread_blocked, id=4648, stack(0x000000f7e1d00000,0x000000f7e2200000)]
  0x000002e4e1f6d800 JavaThread "SyntheticaAnimation 50" daemon [_thread_blocked, id=2336, stack(0x000000f7df800000,0x000000f7dfd00000)]
  0x000002e4e1f68000 JavaThread "Update Runs Swing Worker Thread" [_thread_blocked, id=5900, stack(0x000000f7e1100000,0x000000f7e1600000)]
  0x000002e4d66d0000 JavaThread "hw_ila_monitor" [_thread_blocked, id=7048, stack(0x000000f7e0200000,0x000000f7e0700000)]
  0x000002e4d66ce000 JavaThread "Refresh Filesets Swing Worker Thread" [_thread_blocked, id=10888, stack(0x000000f7ddc00000,0x000000f7de100000)]
  0x000002e4d66ce800 JavaThread "SyntheticaAnimation 70" daemon [_thread_blocked, id=8476, stack(0x000000f7dfd00000,0x000000f7e0200000)]
  0x000002e4d66d2800 JavaThread "SyntheticaAnimation 25" daemon [_thread_blocked, id=1540, stack(0x000000f7df300000,0x000000f7df800000)]
  0x000002e4d66d4800 JavaThread "SyntheticaAnimation 50" daemon [_thread_blocked, id=8308, stack(0x000000f7dee00000,0x000000f7df300000)]
  0x000002e4d66cf800 JavaThread "Monitor HEventQueue Thread" [_thread_blocked, id=12964, stack(0x000000f7de900000,0x000000f7dee00000)]
  0x000002e4d66d4000 JavaThread "SyntheticaCleanerThread" daemon [_thread_blocked, id=4660, stack(0x000000f7de100000,0x000000f7de600000)]
  0x000002e4d66d3000 JavaThread "Batik CleanerThread" daemon [_thread_blocked, id=8844, stack(0x000000f7dcd00000,0x000000f7dd200000)]
  0x000002e4d62b8000 JavaThread "AWT-EventQueue-1" [_thread_blocked, id=2544, stack(0x000000f7dd700000,0x000000f7ddc00000)]
  0x000002e4d62ba800 JavaThread "Process Messages Thread" [_thread_blocked, id=2140, stack(0x000000f7dd200000,0x000000f7dd700000)]
  0x000002e4d7d77000 JavaThread "Thread-1" [_thread_in_native, id=5340, stack(0x000000f7d6000000,0x000000f7d7400000)]
  0x000002e4d6305000 JavaThread "TimerQueue" daemon [_thread_blocked, id=4360, stack(0x000000f7dc300000,0x000000f7dc800000)]
  0x000002e4b3e10800 JavaThread "AWT-Windows" daemon [_thread_blocked, id=4680, stack(0x000000f7dbe00000,0x000000f7dc300000)]
  0x000002e4b1836000 JavaThread "AWT-Shutdown" [_thread_blocked, id=14008, stack(0x000000f7db900000,0x000000f7dbe00000)]
  0x000002e4d6272800 JavaThread "Java2D Disposer" daemon [_thread_blocked, id=14048, stack(0x000000f7db400000,0x000000f7db900000)]
  0x000002e4b29c8800 JavaThread "Service Thread" daemon [_thread_blocked, id=7808, stack(0x000000f7dae00000,0x000000f7db300000)]
  0x000002e4b182b000 JavaThread "Common-Cleaner" daemon [_thread_blocked, id=11656, stack(0x000000f7da900000,0x000000f7dae00000)]
  0x000002e4b1815800 JavaThread "Sweeper thread" daemon [_thread_blocked, id=11764, stack(0x000000f7da400000,0x000000f7da900000)]
  0x000002e4b1814800 JavaThread "C1 CompilerThread3" daemon [_thread_blocked, id=11716, stack(0x000000f7da300000,0x000000f7da400000)]
  0x000002e4b1814000 JavaThread "C2 CompilerThread2" daemon [_thread_blocked, id=8456, stack(0x000000f7da200000,0x000000f7da300000)]
  0x000002e4b1813000 JavaThread "C2 CompilerThread1" daemon [_thread_blocked, id=9796, stack(0x000000f7da100000,0x000000f7da200000)]
  0x000002e4b1812000 JavaThread "C2 CompilerThread0" daemon [_thread_blocked, id=5180, stack(0x000000f7da000000,0x000000f7da100000)]
  0x000002e4ae4db000 JavaThread "Attach Listener" daemon [_thread_blocked, id=268, stack(0x000000f7d9b00000,0x000000f7da000000)]
  0x000002e4b1803800 JavaThread "Signal Dispatcher" daemon [_thread_blocked, id=1888, stack(0x000000f7d9600000,0x000000f7d9b00000)]
  0x000002e4b2b1f000 JavaThread "Finalizer" daemon [_thread_blocked, id=5820, stack(0x000000f7d9100000,0x000000f7d9600000)]
  0x000002e4b3676800 JavaThread "Reference Handler" daemon [_thread_blocked, id=9680, stack(0x000000f7d8c00000,0x000000f7d9100000)]
  0x000002e4b7d63800 JavaThread "main" [_thread_blocked, id=11796, stack(0x000000f7d5f00000,0x000000f7d6000000)]

Other Threads:
=>0x000002e4b9508800 VMThread "VM Thread" [stack: 0x000000f7d8b00000,0x000000f7d8c00000] [id=1796]
  0x000002e4b38d8000 WatcherThread [stack: 0x000000f7db300000,0x000000f7db400000] [id=6440]
  0x000002e4b9386000 GCTaskThread "GC Thread#0" [stack: 0x000000f7d7700000,0x000000f7d7800000] [id=2356]
  0x000002e4b9386800 GCTaskThread "GC Thread#1" [stack: 0x000000f7d7800000,0x000000f7d7900000] [id=2980]
  0x000002e4b125b800 GCTaskThread "GC Thread#2" [stack: 0x000000f7d7900000,0x000000f7d7a00000] [id=3852]
  0x000002e4b125c800 GCTaskThread "GC Thread#3" [stack: 0x000000f7d7a00000,0x000000f7d7b00000] [id=13816]
  0x000002e4b8f79800 GCTaskThread "GC Thread#4" [stack: 0x000000f7d7b00000,0x000000f7d7c00000] [id=9200]
  0x000002e4b1542800 GCTaskThread "GC Thread#5" [stack: 0x000000f7d7c00000,0x000000f7d7d00000] [id=12920]
  0x000002e4b2f57800 GCTaskThread "GC Thread#6" [stack: 0x000000f7d7d00000,0x000000f7d7e00000] [id=9548]
  0x000002e4b2f59000 GCTaskThread "GC Thread#7" [stack: 0x000000f7d7e00000,0x000000f7d7f00000] [id=132]
  0x000002e4b2dac800 ConcurrentGCThread "G1 Main Marker" [stack: 0x000000f7d8800000,0x000000f7d8900000] [id=648]
  0x000002e4b35c8000 ConcurrentGCThread "G1 Marker#0" [stack: 0x000000f7d8900000,0x000000f7d8a00000] [id=7324]
  0x000002e4b35c5800 ConcurrentGCThread "G1 Marker#1" [stack: 0x000000f7d8a00000,0x000000f7d8b00000] [id=5172]
  0x000002e4b2dbe800 ConcurrentGCThread "G1 Refine#0" [stack: 0x000000f7d8600000,0x000000f7d8700000] [id=5912]
  0x000002e4b8fd5800 ConcurrentGCThread "G1 Refine#1" [stack: 0x000000f7d8500000,0x000000f7d8600000] [id=10836]
  0x000002e4b8fd4800 ConcurrentGCThread "G1 Refine#2" [stack: 0x000000f7d8400000,0x000000f7d8500000] [id=7344]
  0x000002e4b8fd4000 ConcurrentGCThread "G1 Refine#3" [stack: 0x000000f7d8300000,0x000000f7d8400000] [id=9624]
  0x000002e4b9492800 ConcurrentGCThread "G1 Refine#4" [stack: 0x000000f7d8200000,0x000000f7d8300000] [id=10936]
  0x000002e4b953c800 ConcurrentGCThread "G1 Refine#5" [stack: 0x000000f7d8100000,0x000000f7d8200000] [id=228]
  0x000002e4b953c000 ConcurrentGCThread "G1 Refine#6" [stack: 0x000000f7d8000000,0x000000f7d8100000] [id=3452]
  0x000002e4b953b800 ConcurrentGCThread "G1 Refine#7" [stack: 0x000000f7d7f00000,0x000000f7d8000000] [id=9036]
  0x000002e4b25ea800 ConcurrentGCThread "G1 Young RemSet Sampling" [stack: 0x000000f7d8700000,0x000000f7d8800000] [id=5572]

Threads with active compile tasks:

VM state:at safepoint (normal execution)

VM Mutex/Monitor currently owned by a thread:  ([mutex/lock_event])
[0x000002e4b899ce00] Threads_lock - owner thread: 0x000002e4b9508800
[0x000002e4b899c230] Heap_lock - owner thread: 0x000002e4e1f67800

Heap address: 0x0000000700000000, size: 3072 MB, Compressed Oops mode: Zero based, Oop shift amount: 3
Narrow klass base: 0x0000000000000000, Narrow klass shift: 3
Compressed class space size: 1073741824 Address: 0x00000007c0000000

Heap:
 garbage-first heap   total 359424K, used 155251K [0x0000000700000000, 0x0000000700100af8, 0x00000007c0000000)
  region size 1024K, 43 young (44032K), 2 survivors (2048K)
 Metaspace       used 92438K, capacity 95129K, committed 101888K, reserved 1136640K
  class space    used 12393K, capacity 12939K, committed 14336K, reserved 1048576K
Heap Regions: E=young(eden), S=young(survivor), O=old, HS=humongous(starts), HC=humongous(continues), CS=collection set, F=free, A=archive, TS=gc time stamp, AC=allocation context, TAMS=top-at-mark-start (previous, next)
|   0|0x0000000700000000, 0x00000007000ff560, 0x0000000700100000| 99%| O|  |TS  0|AC  0|TAMS 0x0000000700000000, 0x0000000700000000|
|   1|0x0000000700100000, 0x00000007001f6668, 0x0000000700200000| 96%| O|  |TS  0|AC  0|TAMS 0x0000000700100000, 0x0000000700100000|
|   2|0x0000000700200000, 0x00000007002f7760, 0x0000000700300000| 96%| O|  |TS  0|AC  0|TAMS 0x0000000700200000, 0x0000000700200000|
|   3|0x0000000700300000, 0x00000007003ca9a8, 0x0000000700400000| 79%| O|  |TS  0|AC  0|TAMS 0x0000000700300000, 0x0000000700300000|
|   4|0x0000000700400000, 0x0000000700500000, 0x0000000700500000|100%|HS|  |TS  0|AC  0|TAMS 0x0000000700400000, 0x0000000700400000|
|   5|0x0000000700500000, 0x0000000700600000, 0x0000000700600000|100%|HC|  |TS  0|AC  0|TAMS 0x0000000700500000, 0x0000000700500000|
|   6|0x0000000700600000, 0x0000000700700000, 0x0000000700700000|100%|HS|  |TS  0|AC  0|TAMS 0x0000000700600000, 0x0000000700600000|
|   7|0x0000000700700000, 0x00000007007fe398, 0x0000000700800000| 99%| O|  |TS  0|AC  0|TAMS 0x0000000700700000, 0x0000000700700000|
|   8|0x0000000700800000, 0x00000007008f35e8, 0x0000000700900000| 95%| O|  |TS  0|AC  0|TAMS 0x0000000700800000, 0x0000000700800000|
|   9|0x0000000700900000, 0x00000007009fff70, 0x0000000700a00000| 99%| O|  |TS  0|AC  0|TAMS 0x0000000700900000, 0x0000000700900000|
|  10|0x0000000700a00000, 0x0000000700affff8, 0x0000000700b00000| 99%| O|  |TS  0|AC  0|TAMS 0x0000000700a00000, 0x0000000700a00000|
|  11|0x0000000700b00000, 0x0000000700bffff8, 0x0000000700c00000| 99%| O|  |TS  0|AC  0|TAMS 0x0000000700b00000, 0x0000000700b00000|
|  12|0x0000000700c00000, 0x0000000700d00000, 0x0000000700d00000|100%| O|  |TS  0|AC  0|TAMS 0x0000000700c00000, 0x0000000700c00000|
|  13|0x0000000700d00000, 0x0000000700dfffd0, 0x0000000700e00000| 99%| O|  |TS  0|AC  0|TAMS 0x0000000700d00000, 0x0000000700d00000|
|  14|0x0000000700e00000, 0x0000000700efffe0, 0x0000000700f00000| 99%| O|  |TS  0|AC  0|TAMS 0x0000000700e00000, 0x0000000700e00000|
|  15|0x0000000700f00000, 0x0000000700fffb98, 0x0000000701000000| 99%| O|  |TS  0|AC  0|TAMS 0x0000000700f00000, 0x0000000700f00000|
|  16|0x0000000701000000, 0x00000007010fc640, 0x0000000701100000| 98%| O|  |TS  0|AC  0|TAMS 0x0000000701000000, 0x0000000701000000|
|  17|0x0000000701100000, 0x00000007011fffe8, 0x0000000701200000| 99%| O|  |TS  0|AC  0|TAMS 0x0000000701100000, 0x0000000701100000|
|  18|0x0000000701200000, 0x00000007012fff90, 0x0000000701300000| 99%| O|  |TS  0|AC  0|TAMS 0x0000000701200000, 0x0000000701200000|
|  19|0x0000000701300000, 0x00000007013fffe8, 0x0000000701400000| 99%| O|  |TS  0|AC  0|TAMS 0x0000000701300000, 0x0000000701300000|
|  20|0x0000000701400000, 0x00000007014ffff8, 0x0000000701500000| 99%| O|  |TS  0|AC  0|TAMS 0x0000000701400000, 0x0000000701400000|
|  21|0x0000000701500000, 0x0000000701600000, 0x0000000701600000|100%|HS|  |TS  0|AC  0|TAMS 0x0000000701500000, 0x0000000701500000|
|  22|0x0000000701600000, 0x00000007016ffed8, 0x0000000701700000| 99%| O|  |TS  0|AC  0|TAMS 0x0000000701600000, 0x0000000701600000|
|  23|0x0000000701700000, 0x00000007017fe598, 0x0000000701800000| 99%| O|  |TS  0|AC  0|TAMS 0x0000000701700000, 0x0000000701700000|
|  24|0x0000000701800000, 0x00000007018ffff0, 0x0000000701900000| 99%| O|  |TS  0|AC  0|TAMS 0x0000000701800000, 0x0000000701800000|
|  25|0x0000000701900000, 0x00000007019ffff8, 0x0000000701a00000| 99%| O|  |TS  0|AC  0|TAMS 0x0000000701900000, 0x0000000701900000|
|  26|0x0000000701a00000, 0x0000000701afffd8, 0x0000000701b00000| 99%| O|  |TS  0|AC  0|TAMS 0x0000000701a00000, 0x0000000701a00000|
|  27|0x0000000701b00000, 0x0000000701bfd948, 0x0000000701c00000| 99%| O|  |TS  0|AC  0|TAMS 0x0000000701b00000, 0x0000000701b00000|
|  28|0x0000000701c00000, 0x0000000701cfffd8, 0x0000000701d00000| 99%| O|  |TS  0|AC  0|TAMS 0x0000000701c00000, 0x0000000701c00000|
|  29|0x0000000701d00000, 0x0000000701dfffe8, 0x0000000701e00000| 99%| O|  |TS  0|AC  0|TAMS 0x0000000701d00000, 0x0000000701d00000|
|  30|0x0000000701e00000, 0x0000000701f00000, 0x0000000701f00000|100%| O|  |TS  0|AC  0|TAMS 0x0000000701e00000, 0x0000000701e00000|
|  31|0x0000000701f00000, 0x0000000702000000, 0x0000000702000000|100%| O|  |TS  0|AC  0|TAMS 0x0000000701f00000, 0x0000000701f00000|
|  32|0x0000000702000000, 0x00000007020ffff0, 0x0000000702100000| 99%| O|  |TS  0|AC  0|TAMS 0x0000000702000000, 0x0000000702000000|
|  33|0x0000000702100000, 0x0000000702200000, 0x0000000702200000|100%| O|  |TS  0|AC  0|TAMS 0x0000000702100000, 0x0000000702100000|
|  34|0x0000000702200000, 0x00000007022fffe8, 0x0000000702300000| 99%| O|  |TS  0|AC  0|TAMS 0x0000000702200000, 0x0000000702200000|
|  35|0x0000000702300000, 0x0000000702400000, 0x0000000702400000|100%| O|  |TS  0|AC  0|TAMS 0x0000000702300000, 0x0000000702300000|
|  36|0x0000000702400000, 0x00000007024b11d8, 0x0000000702500000| 69%| O|  |TS  0|AC  0|TAMS 0x0000000702400000, 0x0000000702400000|
|  37|0x0000000702500000, 0x00000007025fffe8, 0x0000000702600000| 99%| O|  |TS  0|AC  0|TAMS 0x0000000702500000, 0x0000000702500000|
|  38|0x0000000702600000, 0x00000007026ffff0, 0x0000000702700000| 99%| O|  |TS  0|AC  0|TAMS 0x0000000702600000, 0x0000000702600000|
|  39|0x0000000702700000, 0x00000007027fff70, 0x0000000702800000| 99%| O|  |TS  0|AC  0|TAMS 0x0000000702700000, 0x0000000702700000|
|  40|0x0000000702800000, 0x00000007028fffe8, 0x0000000702900000| 99%| O|  |TS  0|AC  0|TAMS 0x0000000702800000, 0x0000000702800000|
|  41|0x0000000702900000, 0x00000007029ffff8, 0x0000000702a00000| 99%| O|  |TS  0|AC  0|TAMS 0x0000000702900000, 0x0000000702900000|
|  42|0x0000000702a00000, 0x0000000702afffe8, 0x0000000702b00000| 99%| O|  |TS  0|AC  0|TAMS 0x0000000702a00000, 0x0000000702a00000|
|  43|0x0000000702b00000, 0x0000000702bfffc8, 0x0000000702c00000| 99%| O|  |TS  0|AC  0|TAMS 0x0000000702b00000, 0x0000000702b00000|
|  44|0x0000000702c00000, 0x0000000702cfe640, 0x0000000702d00000| 99%| O|  |TS  0|AC  0|TAMS 0x0000000702c00000, 0x0000000702c00000|
|  45|0x0000000702d00000, 0x0000000702dffff0, 0x0000000702e00000| 99%| O|  |TS  0|AC  0|TAMS 0x0000000702d00000, 0x0000000702d00000|
|  46|0x0000000702e00000, 0x0000000702efffe8, 0x0000000702f00000| 99%| O|  |TS  0|AC  0|TAMS 0x0000000702e00000, 0x0000000702e00000|
|  47|0x0000000702f00000, 0x0000000702ff2828, 0x0000000703000000| 94%| O|  |TS  0|AC  0|TAMS 0x0000000702f00000, 0x0000000702f00000|
|  48|0x0000000703000000, 0x00000007030fc428, 0x0000000703100000| 98%| O|  |TS  0|AC  0|TAMS 0x0000000703000000, 0x0000000703000000|
|  49|0x0000000703100000, 0x00000007031ffff0, 0x0000000703200000| 99%| O|  |TS  0|AC  0|TAMS 0x0000000703100000, 0x0000000703100000|
|  50|0x0000000703200000, 0x00000007032fffe0, 0x0000000703300000| 99%| O|  |TS  0|AC  0|TAMS 0x0000000703200000, 0x0000000703200000|
|  51|0x0000000703300000, 0x00000007033ffff8, 0x0000000703400000| 99%| O|  |TS  0|AC  0|TAMS 0x0000000703300000, 0x0000000703300000|
|  52|0x0000000703400000, 0x00000007034ffff8, 0x0000000703500000| 99%| O|  |TS  0|AC  0|TAMS 0x0000000703400000, 0x0000000703400000|
|  53|0x0000000703500000, 0x00000007035fffe8, 0x0000000703600000| 99%| O|  |TS  0|AC  0|TAMS 0x0000000703500000, 0x0000000703500000|
|  54|0x0000000703600000, 0x00000007036fffe8, 0x0000000703700000| 99%| O|  |TS  0|AC  0|TAMS 0x0000000703600000, 0x0000000703600000|
|  55|0x0000000703700000, 0x00000007037fffd8, 0x0000000703800000| 99%| O|  |TS  0|AC  0|TAMS 0x0000000703700000, 0x0000000703700000|
|  56|0x0000000703800000, 0x00000007038fffd8, 0x0000000703900000| 99%| O|  |TS  0|AC  0|TAMS 0x0000000703800000, 0x0000000703800000|
|  57|0x0000000703900000, 0x00000007039fffe8, 0x0000000703a00000| 99%| O|  |TS  0|AC  0|TAMS 0x0000000703900000, 0x0000000703900000|
|  58|0x0000000703a00000, 0x0000000703afe1c0, 0x0000000703b00000| 99%| O|  |TS  0|AC  0|TAMS 0x0000000703a00000, 0x0000000703a00000|
|  59|0x0000000703b00000, 0x0000000703bfffe8, 0x0000000703c00000| 99%| O|  |TS  0|AC  0|TAMS 0x0000000703b00000, 0x0000000703b00000|
|  60|0x0000000703c00000, 0x0000000703d00000, 0x0000000703d00000|100%| O|  |TS  0|AC  0|TAMS 0x0000000703c00000, 0x0000000703c00000|
|  61|0x0000000703d00000, 0x0000000703ddd848, 0x0000000703e00000| 86%| O|  |TS  0|AC  0|TAMS 0x0000000703d00000, 0x0000000703d00000|
|  62|0x0000000703e00000, 0x0000000703effff8, 0x0000000703f00000| 99%| O|  |TS  0|AC  0|TAMS 0x0000000703e00000, 0x0000000703e00000|
|  63|0x0000000703f00000, 0x0000000703fffef8, 0x0000000704000000| 99%| O|  |TS  0|AC  0|TAMS 0x0000000703f00000, 0x0000000703f00000|
|  64|0x0000000704000000, 0x00000007040fe2a0, 0x0000000704100000| 99%| O|  |TS  0|AC  0|TAMS 0x0000000704000000, 0x0000000704000000|
|  65|0x0000000704100000, 0x0000000704200000, 0x0000000704200000|100%| O|  |TS  0|AC  0|TAMS 0x0000000704100000, 0x0000000704100000|
|  66|0x0000000704200000, 0x00000007042ffff8, 0x0000000704300000| 99%| O|  |TS  0|AC  0|TAMS 0x0000000704200000, 0x0000000704200000|
|  67|0x0000000704300000, 0x00000007043fff28, 0x0000000704400000| 99%| O|  |TS  0|AC  0|TAMS 0x0000000704300000, 0x0000000704300000|
|  68|0x0000000704400000, 0x0000000704500000, 0x0000000704500000|100%| O|  |TS  0|AC  0|TAMS 0x0000000704400000, 0x0000000704400000|
|  69|0x0000000704500000, 0x00000007045ffff0, 0x0000000704600000| 99%| O|  |TS  0|AC  0|TAMS 0x0000000704500000, 0x0000000704500000|
|  70|0x0000000704600000, 0x00000007046ab4b0, 0x0000000704700000| 66%| O|  |TS  0|AC  0|TAMS 0x0000000704600000, 0x0000000704600000|
|  71|0x0000000704700000, 0x00000007047ffff8, 0x0000000704800000| 99%| O|  |TS  0|AC  0|TAMS 0x0000000704700000, 0x0000000704700000|
|  72|0x0000000704800000, 0x00000007048fff58, 0x0000000704900000| 99%| O|  |TS  0|AC  0|TAMS 0x0000000704800000, 0x0000000704800000|
|  73|0x0000000704900000, 0x00000007049ffff0, 0x0000000704a00000| 99%| O|  |TS  0|AC  0|TAMS 0x0000000704900000, 0x0000000704900000|
|  74|0x0000000704a00000, 0x0000000704affff0, 0x0000000704b00000| 99%| O|  |TS  0|AC  0|TAMS 0x0000000704a00000, 0x0000000704a00000|
|  75|0x0000000704b00000, 0x0000000704c00000, 0x0000000704c00000|100%| O|  |TS  0|AC  0|TAMS 0x0000000704b00000, 0x0000000704b00000|
|  76|0x0000000704c00000, 0x0000000704d00000, 0x0000000704d00000|100%| O|  |TS  0|AC  0|TAMS 0x0000000704c00000, 0x0000000704c00000|
|  77|0x0000000704d00000, 0x0000000704e00000, 0x0000000704e00000|100%|HS|  |TS  0|AC  0|TAMS 0x0000000704d00000, 0x0000000704d00000|
|  78|0x0000000704e00000, 0x0000000704f00000, 0x0000000704f00000|100%|HC|  |TS  0|AC  0|TAMS 0x0000000704e00000, 0x0000000704e00000|
|  79|0x0000000704f00000, 0x0000000705000000, 0x0000000705000000|100%|HC|  |TS  0|AC  0|TAMS 0x0000000704f00000, 0x0000000704f00000|
|  80|0x0000000705000000, 0x0000000705100000, 0x0000000705100000|100%|HC|  |TS  0|AC  0|TAMS 0x0000000705000000, 0x0000000705000000|
|  81|0x0000000705100000, 0x0000000705200000, 0x0000000705200000|100%|HC|  |TS  0|AC  0|TAMS 0x0000000705100000, 0x0000000705100000|
|  82|0x0000000705200000, 0x0000000705300000, 0x0000000705300000|100%|HC|  |TS  0|AC  0|TAMS 0x0000000705200000, 0x0000000705200000|
|  83|0x0000000705300000, 0x0000000705400000, 0x0000000705400000|100%|HC|  |TS  0|AC  0|TAMS 0x0000000705300000, 0x0000000705300000|
|  84|0x0000000705400000, 0x0000000705500000, 0x0000000705500000|100%|HC|  |TS  0|AC  0|TAMS 0x0000000705400000, 0x0000000705400000|
|  85|0x0000000705500000, 0x00000007055ffff0, 0x0000000705600000| 99%| O|  |TS  0|AC  0|TAMS 0x0000000705500000, 0x0000000705500000|
|  86|0x0000000705600000, 0x00000007056ffff0, 0x0000000705700000| 99%| O|  |TS  0|AC  0|TAMS 0x0000000705600000, 0x0000000705600000|
|  87|0x0000000705700000, 0x0000000705800000, 0x0000000705800000|100%| O|  |TS  0|AC  0|TAMS 0x0000000705700000, 0x0000000705700000|
|  88|0x0000000705800000, 0x00000007058fff60, 0x0000000705900000| 99%| O|  |TS  0|AC  0|TAMS 0x0000000705800000, 0x0000000705800000|
|  89|0x0000000705900000, 0x00000007059ffff8, 0x0000000705a00000| 99%| O|  |TS  0|AC  0|TAMS 0x0000000705900000, 0x0000000705900000|
|  90|0x0000000705a00000, 0x0000000705afffa0, 0x0000000705b00000| 99%| O|  |TS  0|AC  0|TAMS 0x0000000705a00000, 0x0000000705a00000|
|  91|0x0000000705b00000, 0x0000000705bffff8, 0x0000000705c00000| 99%| O|  |TS  0|AC  0|TAMS 0x0000000705b00000, 0x0000000705b00000|
|  92|0x0000000705c00000, 0x0000000705c51618, 0x0000000705d00000| 31%| O|  |TS  0|AC  0|TAMS 0x0000000705c00000, 0x0000000705c00000|
|  93|0x0000000705d00000, 0x0000000705e00000, 0x0000000705e00000|100%| O|  |TS 47|AC  0|TAMS 0x0000000705d00000, 0x0000000705d00000|
|  94|0x0000000705e00000, 0x0000000705f00000, 0x0000000705f00000|100%| O|  |TS 53|AC  0|TAMS 0x0000000705e00000, 0x0000000705e00000|
|  95|0x0000000705f00000, 0x0000000706000000, 0x0000000706000000|100%| O|  |TS 55|AC  0|TAMS 0x0000000705f00000, 0x0000000705f00000|
|  96|0x0000000706000000, 0x0000000706100000, 0x0000000706100000|100%| O|  |TS 73|AC  0|TAMS 0x0000000706000000, 0x0000000706000000|
|  97|0x0000000706100000, 0x00000007061d7800, 0x0000000706200000| 84%| O|  |TS 87|AC  0|TAMS 0x0000000706100000, 0x0000000706100000|
|  98|0x0000000706200000, 0x0000000706200000, 0x0000000706300000|  0%| F|  |TS 15|AC  0|TAMS 0x0000000706200000, 0x0000000706200000|
|  99|0x0000000706300000, 0x0000000706300000, 0x0000000706400000|  0%| F|  |TS  0|AC  0|TAMS 0x0000000706300000, 0x0000000706300000|
| 100|0x0000000706400000, 0x0000000706400000, 0x0000000706500000|  0%| F|  |TS  0|AC  0|TAMS 0x0000000706400000, 0x0000000706400000|
| 101|0x0000000706500000, 0x0000000706500000, 0x0000000706600000|  0%| F|  |TS  0|AC  0|TAMS 0x0000000706500000, 0x0000000706500000|
| 102|0x0000000706600000, 0x0000000706600000, 0x0000000706700000|  0%| F|  |TS  0|AC  0|TAMS 0x0000000706600000, 0x0000000706600000|
| 103|0x0000000706700000, 0x0000000706700000, 0x0000000706800000|  0%| F|  |TS  0|AC  0|TAMS 0x0000000706700000, 0x0000000706700000|
| 104|0x0000000706800000, 0x0000000706800000, 0x0000000706900000|  0%| F|  |TS  0|AC  0|TAMS 0x0000000706800000, 0x0000000706800000|
| 105|0x0000000706900000, 0x0000000706a00000, 0x0000000706a00000|100%|HS|  |TS  0|AC  0|TAMS 0x0000000706900000, 0x0000000706900000|
| 106|0x0000000706a00000, 0x0000000706b00000, 0x0000000706b00000|100%|HC|  |TS  0|AC  0|TAMS 0x0000000706a00000, 0x0000000706a00000|
| 107|0x0000000706b00000, 0x0000000706c00000, 0x0000000706c00000|100%|HC|  |TS  0|AC  0|TAMS 0x0000000706b00000, 0x0000000706b00000|
| 108|0x0000000706c00000, 0x0000000706d00000, 0x0000000706d00000|100%|HC|  |TS  0|AC  0|TAMS 0x0000000706c00000, 0x0000000706c00000|
| 109|0x0000000706d00000, 0x0000000706e00000, 0x0000000706e00000|100%|HC|  |TS  0|AC  0|TAMS 0x0000000706d00000, 0x0000000706d00000|
| 110|0x0000000706e00000, 0x0000000706f00000, 0x0000000706f00000|100%|HC|  |TS  0|AC  0|TAMS 0x0000000706e00000, 0x0000000706e00000|
| 111|0x0000000706f00000, 0x0000000707000000, 0x0000000707000000|100%|HC|  |TS  0|AC  0|TAMS 0x0000000706f00000, 0x0000000706f00000|
| 112|0x0000000707000000, 0x0000000707100000, 0x0000000707100000|100%|HC|  |TS  0|AC  0|TAMS 0x0000000707000000, 0x0000000707000000|
| 113|0x0000000707100000, 0x0000000707100000, 0x0000000707200000|  0%| F|  |TS  0|AC  0|TAMS 0x0000000707100000, 0x0000000707100000|
| 114|0x0000000707200000, 0x0000000707200000, 0x0000000707300000|  0%| F|  |TS  0|AC  0|TAMS 0x0000000707200000, 0x0000000707200000|
| 115|0x0000000707300000, 0x0000000707300000, 0x0000000707400000|  0%| F|  |TS  0|AC  0|TAMS 0x0000000707300000, 0x0000000707300000|
| 116|0x0000000707400000, 0x0000000707400000, 0x0000000707500000|  0%| F|  |TS  0|AC  0|TAMS 0x0000000707400000, 0x0000000707400000|
| 117|0x0000000707500000, 0x0000000707500000, 0x0000000707600000|  0%| F|  |TS  0|AC  0|TAMS 0x0000000707500000, 0x0000000707500000|
| 118|0x0000000707600000, 0x0000000707600000, 0x0000000707700000|  0%| F|  |TS  0|AC  0|TAMS 0x0000000707600000, 0x0000000707600000|
| 119|0x0000000707700000, 0x0000000707800000, 0x0000000707800000|100%|HS|  |TS  0|AC  0|TAMS 0x0000000707700000, 0x0000000707700000|
| 120|0x0000000707800000, 0x0000000707900000, 0x0000000707900000|100%|HC|  |TS  0|AC  0|TAMS 0x0000000707800000, 0x0000000707800000|
| 121|0x0000000707900000, 0x0000000707a00000, 0x0000000707a00000|100%|HC|  |TS  0|AC  0|TAMS 0x0000000707900000, 0x0000000707900000|
| 122|0x0000000707a00000, 0x0000000707b00000, 0x0000000707b00000|100%|HC|  |TS  0|AC  0|TAMS 0x0000000707a00000, 0x0000000707a00000|
| 123|0x0000000707b00000, 0x0000000707c00000, 0x0000000707c00000|100%|HC|  |TS  0|AC  0|TAMS 0x0000000707b00000, 0x0000000707b00000|
| 124|0x0000000707c00000, 0x0000000707d00000, 0x0000000707d00000|100%|HC|  |TS  0|AC  0|TAMS 0x0000000707c00000, 0x0000000707c00000|
| 125|0x0000000707d00000, 0x0000000707d00000, 0x0000000707e00000|  0%| F|  |TS  0|AC  0|TAMS 0x0000000707d00000, 0x0000000707d00000|
| 126|0x0000000707e00000, 0x0000000707e00000, 0x0000000707f00000|  0%| F|  |TS  0|AC  0|TAMS 0x0000000707e00000, 0x0000000707e00000|
| 127|0x0000000707f00000, 0x0000000707f00000, 0x0000000708000000|  0%| F|  |TS  0|AC  0|TAMS 0x0000000707f00000, 0x0000000707f00000|
| 128|0x0000000708000000, 0x0000000708000000, 0x0000000708100000|  0%| F|  |TS  0|AC  0|TAMS 0x0000000708000000, 0x0000000708000000|
| 129|0x0000000708100000, 0x0000000708100000, 0x0000000708200000|  0%| F|  |TS  0|AC  0|TAMS 0x0000000708100000, 0x0000000708100000|
| 130|0x0000000708200000, 0x0000000708200000, 0x0000000708300000|  0%| F|  |TS  0|AC  0|TAMS 0x0000000708200000, 0x0000000708200000|
| 131|0x0000000708300000, 0x0000000708300000, 0x0000000708400000|  0%| F|  |TS  0|AC  0|TAMS 0x0000000708300000, 0x0000000708300000|
| 132|0x0000000708400000, 0x0000000708400000, 0x0000000708500000|  0%| F|  |TS  0|AC  0|TAMS 0x0000000708400000, 0x0000000708400000|
| 133|0x0000000708500000, 0x0000000708500000, 0x0000000708600000|  0%| F|  |TS  0|AC  0|TAMS 0x0000000708500000, 0x0000000708500000|
| 134|0x0000000708600000, 0x0000000708600000, 0x0000000708700000|  0%| F|  |TS  0|AC  0|TAMS 0x0000000708600000, 0x0000000708600000|
| 135|0x0000000708700000, 0x0000000708700000, 0x0000000708800000|  0%| F|  |TS  0|AC  0|TAMS 0x0000000708700000, 0x0000000708700000|
| 136|0x0000000708800000, 0x0000000708800000, 0x0000000708900000|  0%| F|  |TS  0|AC  0|TAMS 0x0000000708800000, 0x0000000708800000|
| 137|0x0000000708900000, 0x0000000708900000, 0x0000000708a00000|  0%| F|  |TS  0|AC  0|TAMS 0x0000000708900000, 0x0000000708900000|
| 138|0x0000000708a00000, 0x0000000708a00000, 0x0000000708b00000|  0%| F|  |TS  0|AC  0|TAMS 0x0000000708a00000, 0x0000000708a00000|
| 139|0x0000000708b00000, 0x0000000708b00000, 0x0000000708c00000|  0%| F|  |TS  0|AC  0|TAMS 0x0000000708b00000, 0x0000000708b00000|
| 140|0x0000000708c00000, 0x0000000708c00000, 0x0000000708d00000|  0%| F|  |TS  0|AC  0|TAMS 0x0000000708c00000, 0x0000000708c00000|
| 141|0x0000000708d00000, 0x0000000708d00000, 0x0000000708e00000|  0%| F|  |TS  0|AC  0|TAMS 0x0000000708d00000, 0x0000000708d00000|
| 142|0x0000000708e00000, 0x0000000708e00000, 0x0000000708f00000|  0%| F|  |TS  0|AC  0|TAMS 0x0000000708e00000, 0x0000000708e00000|
| 143|0x0000000708f00000, 0x0000000708f00000, 0x0000000709000000|  0%| F|  |TS  0|AC  0|TAMS 0x0000000708f00000, 0x0000000708f00000|
| 144|0x0000000709000000, 0x0000000709000000, 0x0000000709100000|  0%| F|  |TS  0|AC  0|TAMS 0x0000000709000000, 0x0000000709000000|
| 145|0x0000000709100000, 0x0000000709100000, 0x0000000709200000|  0%| F|  |TS  0|AC  0|TAMS 0x0000000709100000, 0x0000000709100000|
| 146|0x0000000709200000, 0x0000000709200000, 0x0000000709300000|  0%| F|  |TS  0|AC  0|TAMS 0x0000000709200000, 0x0000000709200000|
| 147|0x0000000709300000, 0x0000000709300000, 0x0000000709400000|  0%| F|  |TS  0|AC  0|TAMS 0x0000000709300000, 0x0000000709300000|
| 148|0x0000000709400000, 0x0000000709400000, 0x0000000709500000|  0%| F|  |TS  0|AC  0|TAMS 0x0000000709400000, 0x0000000709400000|
| 149|0x0000000709500000, 0x0000000709500000, 0x0000000709600000|  0%| F|  |TS  0|AC  0|TAMS 0x0000000709500000, 0x0000000709500000|
| 150|0x0000000709600000, 0x0000000709600000, 0x0000000709700000|  0%| F|  |TS  0|AC  0|TAMS 0x0000000709600000, 0x0000000709600000|
| 151|0x0000000709700000, 0x0000000709700000, 0x0000000709800000|  0%| F|  |TS  0|AC  0|TAMS 0x0000000709700000, 0x0000000709700000|
| 152|0x0000000709800000, 0x0000000709800000, 0x0000000709900000|  0%| F|  |TS  0|AC  0|TAMS 0x0000000709800000, 0x0000000709800000|
| 153|0x0000000709900000, 0x0000000709900000, 0x0000000709a00000|  0%| F|  |TS  0|AC  0|TAMS 0x0000000709900000, 0x0000000709900000|
| 154|0x0000000709a00000, 0x0000000709a00000, 0x0000000709b00000|  0%| F|  |TS  0|AC  0|TAMS 0x0000000709a00000, 0x0000000709a00000|
| 155|0x0000000709b00000, 0x0000000709b00000, 0x0000000709c00000|  0%| F|  |TS  0|AC  0|TAMS 0x0000000709b00000, 0x0000000709b00000|
| 156|0x0000000709c00000, 0x0000000709c00000, 0x0000000709d00000|  0%| F|  |TS  0|AC  0|TAMS 0x0000000709c00000, 0x0000000709c00000|
| 157|0x0000000709d00000, 0x0000000709d00000, 0x0000000709e00000|  0%| F|  |TS  0|AC  0|TAMS 0x0000000709d00000, 0x0000000709d00000|
| 158|0x0000000709e00000, 0x0000000709e00000, 0x0000000709f00000|  0%| F|  |TS  0|AC  0|TAMS 0x0000000709e00000, 0x0000000709e00000|
| 159|0x0000000709f00000, 0x0000000709f00000, 0x000000070a000000|  0%| F|  |TS  0|AC  0|TAMS 0x0000000709f00000, 0x0000000709f00000|
| 160|0x000000070a000000, 0x000000070a000000, 0x000000070a100000|  0%| F|  |TS  0|AC  0|TAMS 0x000000070a000000, 0x000000070a000000|
| 161|0x000000070a100000, 0x000000070a100000, 0x000000070a200000|  0%| F|  |TS  0|AC  0|TAMS 0x000000070a100000, 0x000000070a100000|
| 162|0x000000070a200000, 0x000000070a200000, 0x000000070a300000|  0%| F|  |TS  0|AC  0|TAMS 0x000000070a200000, 0x000000070a200000|
| 163|0x000000070a300000, 0x000000070a300000, 0x000000070a400000|  0%| F|  |TS  0|AC  0|TAMS 0x000000070a300000, 0x000000070a300000|
| 164|0x000000070a400000, 0x000000070a400000, 0x000000070a500000|  0%| F|  |TS  0|AC  0|TAMS 0x000000070a400000, 0x000000070a400000|
| 165|0x000000070a500000, 0x000000070a500000, 0x000000070a600000|  0%| F|  |TS  0|AC  0|TAMS 0x000000070a500000, 0x000000070a500000|
| 166|0x000000070a600000, 0x000000070a600000, 0x000000070a700000|  0%| F|  |TS  0|AC  0|TAMS 0x000000070a600000, 0x000000070a600000|
| 167|0x000000070a700000, 0x000000070a700000, 0x000000070a800000|  0%| F|  |TS  0|AC  0|TAMS 0x000000070a700000, 0x000000070a700000|
| 168|0x000000070a800000, 0x000000070a800000, 0x000000070a900000|  0%| F|  |TS  0|AC  0|TAMS 0x000000070a800000, 0x000000070a800000|
| 169|0x000000070a900000, 0x000000070a900000, 0x000000070aa00000|  0%| F|  |TS  0|AC  0|TAMS 0x000000070a900000, 0x000000070a900000|
| 170|0x000000070aa00000, 0x000000070aa00000, 0x000000070ab00000|  0%| F|  |TS  0|AC  0|TAMS 0x000000070aa00000, 0x000000070aa00000|
| 171|0x000000070ab00000, 0x000000070ab00000, 0x000000070ac00000|  0%| F|  |TS  0|AC  0|TAMS 0x000000070ab00000, 0x000000070ab00000|
| 172|0x000000070ac00000, 0x000000070ac00000, 0x000000070ad00000|  0%| F|  |TS  0|AC  0|TAMS 0x000000070ac00000, 0x000000070ac00000|
| 173|0x000000070ad00000, 0x000000070ad00000, 0x000000070ae00000|  0%| F|  |TS  0|AC  0|TAMS 0x000000070ad00000, 0x000000070ad00000|
| 174|0x000000070ae00000, 0x000000070ae00000, 0x000000070af00000|  0%| F|  |TS  0|AC  0|TAMS 0x000000070ae00000, 0x000000070ae00000|
| 175|0x000000070af00000, 0x000000070af00000, 0x000000070b000000|  0%| F|  |TS  0|AC  0|TAMS 0x000000070af00000, 0x000000070af00000|
| 176|0x000000070b000000, 0x000000070b000000, 0x000000070b100000|  0%| F|  |TS  0|AC  0|TAMS 0x000000070b000000, 0x000000070b000000|
| 177|0x000000070b100000, 0x000000070b100000, 0x000000070b200000|  0%| F|  |TS  0|AC  0|TAMS 0x000000070b100000, 0x000000070b100000|
| 178|0x000000070b200000, 0x000000070b200000, 0x000000070b300000|  0%| F|  |TS  0|AC  0|TAMS 0x000000070b200000, 0x000000070b200000|
| 179|0x000000070b300000, 0x000000070b300000, 0x000000070b400000|  0%| F|  |TS  0|AC  0|TAMS 0x000000070b300000, 0x000000070b300000|
| 180|0x000000070b400000, 0x000000070b400000, 0x000000070b500000|  0%| F|  |TS  0|AC  0|TAMS 0x000000070b400000, 0x000000070b400000|
| 181|0x000000070b500000, 0x000000070b500000, 0x000000070b600000|  0%| F|  |TS  0|AC  0|TAMS 0x000000070b500000, 0x000000070b500000|
| 182|0x000000070b600000, 0x000000070b600000, 0x000000070b700000|  0%| F|  |TS  0|AC  0|TAMS 0x000000070b600000, 0x000000070b600000|
| 183|0x000000070b700000, 0x000000070b700000, 0x000000070b800000|  0%| F|  |TS  0|AC  0|TAMS 0x000000070b700000, 0x000000070b700000|
| 184|0x000000070b800000, 0x000000070b800000, 0x000000070b900000|  0%| F|  |TS  0|AC  0|TAMS 0x000000070b800000, 0x000000070b800000|
| 185|0x000000070b900000, 0x000000070b900000, 0x000000070ba00000|  0%| F|  |TS  0|AC  0|TAMS 0x000000070b900000, 0x000000070b900000|
| 186|0x000000070ba00000, 0x000000070ba00000, 0x000000070bb00000|  0%| F|  |TS  0|AC  0|TAMS 0x000000070ba00000, 0x000000070ba00000|
| 187|0x000000070bb00000, 0x000000070bb00000, 0x000000070bc00000|  0%| F|  |TS  0|AC  0|TAMS 0x000000070bb00000, 0x000000070bb00000|
| 188|0x000000070bc00000, 0x000000070bc00000, 0x000000070bd00000|  0%| F|  |TS  0|AC  0|TAMS 0x000000070bc00000, 0x000000070bc00000|
| 189|0x000000070bd00000, 0x000000070bd00000, 0x000000070be00000|  0%| F|  |TS  0|AC  0|TAMS 0x000000070bd00000, 0x000000070bd00000|
| 190|0x000000070be00000, 0x000000070be00000, 0x000000070bf00000|  0%| F|  |TS  0|AC  0|TAMS 0x000000070be00000, 0x000000070be00000|
| 191|0x000000070bf00000, 0x000000070bf00000, 0x000000070c000000|  0%| F|  |TS  0|AC  0|TAMS 0x000000070bf00000, 0x000000070bf00000|
| 192|0x000000070c000000, 0x000000070c000000, 0x000000070c100000|  0%| F|  |TS  0|AC  0|TAMS 0x000000070c000000, 0x000000070c000000|
| 193|0x000000070c100000, 0x000000070c100000, 0x000000070c200000|  0%| F|  |TS  0|AC  0|TAMS 0x000000070c100000, 0x000000070c100000|
| 194|0x000000070c200000, 0x000000070c200000, 0x000000070c300000|  0%| F|  |TS  0|AC  0|TAMS 0x000000070c200000, 0x000000070c200000|
| 195|0x000000070c300000, 0x000000070c300000, 0x000000070c400000|  0%| F|  |TS  0|AC  0|TAMS 0x000000070c300000, 0x000000070c300000|
| 196|0x000000070c400000, 0x000000070c400000, 0x000000070c500000|  0%| F|  |TS  0|AC  0|TAMS 0x000000070c400000, 0x000000070c400000|
| 197|0x000000070c500000, 0x000000070c500000, 0x000000070c600000|  0%| F|  |TS  0|AC  0|TAMS 0x000000070c500000, 0x000000070c500000|
| 198|0x000000070c600000, 0x000000070c600000, 0x000000070c700000|  0%| F|  |TS  0|AC  0|TAMS 0x000000070c600000, 0x000000070c600000|
| 199|0x000000070c700000, 0x000000070c700000, 0x000000070c800000|  0%| F|  |TS  0|AC  0|TAMS 0x000000070c700000, 0x000000070c700000|
| 200|0x000000070c800000, 0x000000070c800000, 0x000000070c900000|  0%| F|  |TS  0|AC  0|TAMS 0x000000070c800000, 0x000000070c800000|
| 201|0x000000070c900000, 0x000000070c900000, 0x000000070ca00000|  0%| F|  |TS  0|AC  0|TAMS 0x000000070c900000, 0x000000070c900000|
| 202|0x000000070ca00000, 0x000000070ca00000, 0x000000070cb00000|  0%| F|  |TS  0|AC  0|TAMS 0x000000070ca00000, 0x000000070ca00000|
| 203|0x000000070cb00000, 0x000000070cb00000, 0x000000070cc00000|  0%| F|  |TS  0|AC  0|TAMS 0x000000070cb00000, 0x000000070cb00000|
| 204|0x000000070cc00000, 0x000000070cc00000, 0x000000070cd00000|  0%| F|  |TS  0|AC  0|TAMS 0x000000070cc00000, 0x000000070cc00000|
| 205|0x000000070cd00000, 0x000000070cd00000, 0x000000070ce00000|  0%| F|  |TS  0|AC  0|TAMS 0x000000070cd00000, 0x000000070cd00000|
| 206|0x000000070ce00000, 0x000000070ce00000, 0x000000070cf00000|  0%| F|  |TS  0|AC  0|TAMS 0x000000070ce00000, 0x000000070ce00000|
| 207|0x000000070cf00000, 0x000000070cf00000, 0x000000070d000000|  0%| F|  |TS  0|AC  0|TAMS 0x000000070cf00000, 0x000000070cf00000|
| 208|0x000000070d000000, 0x000000070d000000, 0x000000070d100000|  0%| F|  |TS  0|AC  0|TAMS 0x000000070d000000, 0x000000070d000000|
| 209|0x000000070d100000, 0x000000070d100000, 0x000000070d200000|  0%| F|  |TS  0|AC  0|TAMS 0x000000070d100000, 0x000000070d100000|
| 210|0x000000070d200000, 0x000000070d200000, 0x000000070d300000|  0%| F|  |TS  0|AC  0|TAMS 0x000000070d200000, 0x000000070d200000|
| 211|0x000000070d300000, 0x000000070d300000, 0x000000070d400000|  0%| F|  |TS  0|AC  0|TAMS 0x000000070d300000, 0x000000070d300000|
| 212|0x000000070d400000, 0x000000070d400000, 0x000000070d500000|  0%| F|  |TS  0|AC  0|TAMS 0x000000070d400000, 0x000000070d400000|
| 213|0x000000070d500000, 0x000000070d500000, 0x000000070d600000|  0%| F|  |TS  0|AC  0|TAMS 0x000000070d500000, 0x000000070d500000|
| 214|0x000000070d600000, 0x000000070d600000, 0x000000070d700000|  0%| F|  |TS  0|AC  0|TAMS 0x000000070d600000, 0x000000070d600000|
| 215|0x000000070d700000, 0x000000070d700000, 0x000000070d800000|  0%| F|  |TS  0|AC  0|TAMS 0x000000070d700000, 0x000000070d700000|
| 216|0x000000070d800000, 0x000000070d800000, 0x000000070d900000|  0%| F|  |TS  0|AC  0|TAMS 0x000000070d800000, 0x000000070d800000|
| 217|0x000000070d900000, 0x000000070d900000, 0x000000070da00000|  0%| F|  |TS  0|AC  0|TAMS 0x000000070d900000, 0x000000070d900000|
| 218|0x000000070da00000, 0x000000070da00000, 0x000000070db00000|  0%| F|  |TS  0|AC  0|TAMS 0x000000070da00000, 0x000000070da00000|
| 219|0x000000070db00000, 0x000000070db00000, 0x000000070dc00000|  0%| F|  |TS  0|AC  0|TAMS 0x000000070db00000, 0x000000070db00000|
| 220|0x000000070dc00000, 0x000000070dc00000, 0x000000070dd00000|  0%| F|  |TS  0|AC  0|TAMS 0x000000070dc00000, 0x000000070dc00000|
| 221|0x000000070dd00000, 0x000000070dd00000, 0x000000070de00000|  0%| F|  |TS  0|AC  0|TAMS 0x000000070dd00000, 0x000000070dd00000|
| 222|0x000000070de00000, 0x000000070de00000, 0x000000070df00000|  0%| F|  |TS  0|AC  0|TAMS 0x000000070de00000, 0x000000070de00000|
| 223|0x000000070df00000, 0x000000070df00000, 0x000000070e000000|  0%| F|  |TS  0|AC  0|TAMS 0x000000070df00000, 0x000000070df00000|
| 224|0x000000070e000000, 0x000000070e000000, 0x000000070e100000|  0%| F|  |TS  0|AC  0|TAMS 0x000000070e000000, 0x000000070e000000|
| 225|0x000000070e100000, 0x000000070e100000, 0x000000070e200000|  0%| F|  |TS  0|AC  0|TAMS 0x000000070e100000, 0x000000070e100000|
| 226|0x000000070e200000, 0x000000070e200000, 0x000000070e300000|  0%| F|  |TS  0|AC  0|TAMS 0x000000070e200000, 0x000000070e200000|
| 227|0x000000070e300000, 0x000000070e300000, 0x000000070e400000|  0%| F|  |TS  0|AC  0|TAMS 0x000000070e300000, 0x000000070e300000|
| 228|0x000000070e400000, 0x000000070e400000, 0x000000070e500000|  0%| F|  |TS  0|AC  0|TAMS 0x000000070e400000, 0x000000070e400000|
| 229|0x000000070e500000, 0x000000070e500000, 0x000000070e600000|  0%| F|  |TS  0|AC  0|TAMS 0x000000070e500000, 0x000000070e500000|
| 230|0x000000070e600000, 0x000000070e600000, 0x000000070e700000|  0%| F|  |TS  0|AC  0|TAMS 0x000000070e600000, 0x000000070e600000|
| 231|0x000000070e700000, 0x000000070e700000, 0x000000070e800000|  0%| F|  |TS  0|AC  0|TAMS 0x000000070e700000, 0x000000070e700000|
| 232|0x000000070e800000, 0x000000070e800000, 0x000000070e900000|  0%| F|  |TS  0|AC  0|TAMS 0x000000070e800000, 0x000000070e800000|
| 233|0x000000070e900000, 0x000000070e900000, 0x000000070ea00000|  0%| F|  |TS  0|AC  0|TAMS 0x000000070e900000, 0x000000070e900000|
| 234|0x000000070ea00000, 0x000000070ea00000, 0x000000070eb00000|  0%| F|  |TS  0|AC  0|TAMS 0x000000070ea00000, 0x000000070ea00000|
| 235|0x000000070eb00000, 0x000000070eb00000, 0x000000070ec00000|  0%| F|  |TS  0|AC  0|TAMS 0x000000070eb00000, 0x000000070eb00000|
| 236|0x000000070ec00000, 0x000000070ec00000, 0x000000070ed00000|  0%| F|  |TS  0|AC  0|TAMS 0x000000070ec00000, 0x000000070ec00000|
| 237|0x000000070ed00000, 0x000000070ed00000, 0x000000070ee00000|  0%| F|  |TS  0|AC  0|TAMS 0x000000070ed00000, 0x000000070ed00000|
| 238|0x000000070ee00000, 0x000000070ee00000, 0x000000070ef00000|  0%| F|  |TS  0|AC  0|TAMS 0x000000070ee00000, 0x000000070ee00000|
| 239|0x000000070ef00000, 0x000000070ef00000, 0x000000070f000000|  0%| F|  |TS  0|AC  0|TAMS 0x000000070ef00000, 0x000000070ef00000|
| 240|0x000000070f000000, 0x000000070f000000, 0x000000070f100000|  0%| F|  |TS  0|AC  0|TAMS 0x000000070f000000, 0x000000070f000000|
| 241|0x000000070f100000, 0x000000070f100000, 0x000000070f200000|  0%| F|  |TS  0|AC  0|TAMS 0x000000070f100000, 0x000000070f100000|
| 242|0x000000070f200000, 0x000000070f200000, 0x000000070f300000|  0%| F|  |TS  0|AC  0|TAMS 0x000000070f200000, 0x000000070f200000|
| 243|0x000000070f300000, 0x000000070f300000, 0x000000070f400000|  0%| F|  |TS  0|AC  0|TAMS 0x000000070f300000, 0x000000070f300000|
| 244|0x000000070f400000, 0x000000070f400000, 0x000000070f500000|  0%| F|  |TS  0|AC  0|TAMS 0x000000070f400000, 0x000000070f400000|
| 245|0x000000070f500000, 0x000000070f500000, 0x000000070f600000|  0%| F|  |TS  0|AC  0|TAMS 0x000000070f500000, 0x000000070f500000|
| 246|0x000000070f600000, 0x000000070f600000, 0x000000070f700000|  0%| F|  |TS  0|AC  0|TAMS 0x000000070f600000, 0x000000070f600000|
| 247|0x000000070f700000, 0x000000070f700000, 0x000000070f800000|  0%| F|  |TS  0|AC  0|TAMS 0x000000070f700000, 0x000000070f700000|
| 248|0x000000070f800000, 0x000000070f800000, 0x000000070f900000|  0%| F|  |TS  0|AC  0|TAMS 0x000000070f800000, 0x000000070f800000|
| 249|0x000000070f900000, 0x000000070f900000, 0x000000070fa00000|  0%| F|  |TS  0|AC  0|TAMS 0x000000070f900000, 0x000000070f900000|
| 250|0x000000070fa00000, 0x000000070fa00000, 0x000000070fb00000|  0%| F|  |TS  0|AC  0|TAMS 0x000000070fa00000, 0x000000070fa00000|
| 251|0x000000070fb00000, 0x000000070fb00000, 0x000000070fc00000|  0%| F|  |TS  0|AC  0|TAMS 0x000000070fb00000, 0x000000070fb00000|
| 252|0x000000070fc00000, 0x000000070fc00000, 0x000000070fd00000|  0%| F|  |TS  0|AC  0|TAMS 0x000000070fc00000, 0x000000070fc00000|
| 253|0x000000070fd00000, 0x000000070fd00000, 0x000000070fe00000|  0%| F|  |TS  0|AC  0|TAMS 0x000000070fd00000, 0x000000070fd00000|
| 254|0x000000070fe00000, 0x000000070fe00000, 0x000000070ff00000|  0%| F|  |TS  0|AC  0|TAMS 0x000000070fe00000, 0x000000070fe00000|
| 255|0x000000070ff00000, 0x000000070ff00000, 0x0000000710000000|  0%| F|  |TS  0|AC  0|TAMS 0x000000070ff00000, 0x000000070ff00000|
| 256|0x0000000710000000, 0x0000000710000000, 0x0000000710100000|  0%| F|  |TS  0|AC  0|TAMS 0x0000000710000000, 0x0000000710000000|
| 257|0x0000000710100000, 0x0000000710100000, 0x0000000710200000|  0%| F|  |TS  0|AC  0|TAMS 0x0000000710100000, 0x0000000710100000|
| 258|0x0000000710200000, 0x0000000710200000, 0x0000000710300000|  0%| F|  |TS  0|AC  0|TAMS 0x0000000710200000, 0x0000000710200000|
| 259|0x0000000710300000, 0x0000000710300000, 0x0000000710400000|  0%| F|  |TS  0|AC  0|TAMS 0x0000000710300000, 0x0000000710300000|
| 260|0x0000000710400000, 0x0000000710400000, 0x0000000710500000|  0%| F|  |TS  0|AC  0|TAMS 0x0000000710400000, 0x0000000710400000|
| 261|0x0000000710500000, 0x0000000710500000, 0x0000000710600000|  0%| F|  |TS  0|AC  0|TAMS 0x0000000710500000, 0x0000000710500000|
| 262|0x0000000710600000, 0x0000000710600000, 0x0000000710700000|  0%| F|  |TS  0|AC  0|TAMS 0x0000000710600000, 0x0000000710600000|
| 263|0x0000000710700000, 0x0000000710700000, 0x0000000710800000|  0%| F|  |TS  0|AC  0|TAMS 0x0000000710700000, 0x0000000710700000|
| 264|0x0000000710800000, 0x0000000710800000, 0x0000000710900000|  0%| F|  |TS  0|AC  0|TAMS 0x0000000710800000, 0x0000000710800000|
| 265|0x0000000710900000, 0x0000000710900000, 0x0000000710a00000|  0%| F|  |TS  0|AC  0|TAMS 0x0000000710900000, 0x0000000710900000|
| 266|0x0000000710a00000, 0x0000000710a00000, 0x0000000710b00000|  0%| F|  |TS  0|AC  0|TAMS 0x0000000710a00000, 0x0000000710a00000|
| 267|0x0000000710b00000, 0x0000000710b00000, 0x0000000710c00000|  0%| F|  |TS  0|AC  0|TAMS 0x0000000710b00000, 0x0000000710b00000|
| 268|0x0000000710c00000, 0x0000000710c00000, 0x0000000710d00000|  0%| F|  |TS  0|AC  0|TAMS 0x0000000710c00000, 0x0000000710c00000|
| 269|0x0000000710d00000, 0x0000000710d00000, 0x0000000710e00000|  0%| F|  |TS  0|AC  0|TAMS 0x0000000710d00000, 0x0000000710d00000|
| 270|0x0000000710e00000, 0x0000000710e00000, 0x0000000710f00000|  0%| F|  |TS  0|AC  0|TAMS 0x0000000710e00000, 0x0000000710e00000|
| 271|0x0000000710f00000, 0x0000000710f00000, 0x0000000711000000|  0%| F|  |TS  0|AC  0|TAMS 0x0000000710f00000, 0x0000000710f00000|
| 272|0x0000000711000000, 0x0000000711000000, 0x0000000711100000|  0%| F|  |TS  0|AC  0|TAMS 0x0000000711000000, 0x0000000711000000|
| 273|0x0000000711100000, 0x0000000711100000, 0x0000000711200000|  0%| F|  |TS  0|AC  0|TAMS 0x0000000711100000, 0x0000000711100000|
| 274|0x0000000711200000, 0x0000000711200000, 0x0000000711300000|  0%| F|  |TS  0|AC  0|TAMS 0x0000000711200000, 0x0000000711200000|
| 275|0x0000000711300000, 0x0000000711300000, 0x0000000711400000|  0%| F|  |TS  0|AC  0|TAMS 0x0000000711300000, 0x0000000711300000|
| 276|0x0000000711400000, 0x0000000711400000, 0x0000000711500000|  0%| F|  |TS  0|AC  0|TAMS 0x0000000711400000, 0x0000000711400000|
| 277|0x0000000711500000, 0x0000000711500000, 0x0000000711600000|  0%| F|  |TS  0|AC  0|TAMS 0x0000000711500000, 0x0000000711500000|
| 278|0x0000000711600000, 0x0000000711600000, 0x0000000711700000|  0%| F|  |TS  0|AC  0|TAMS 0x0000000711600000, 0x0000000711600000|
| 279|0x0000000711700000, 0x0000000711700000, 0x0000000711800000|  0%| F|  |TS  0|AC  0|TAMS 0x0000000711700000, 0x0000000711700000|
| 280|0x0000000711800000, 0x0000000711800000, 0x0000000711900000|  0%| F|  |TS  0|AC  0|TAMS 0x0000000711800000, 0x0000000711800000|
| 281|0x0000000711900000, 0x0000000711900000, 0x0000000711a00000|  0%| F|  |TS  0|AC  0|TAMS 0x0000000711900000, 0x0000000711900000|
| 282|0x0000000711a00000, 0x0000000711a00000, 0x0000000711b00000|  0%| F|  |TS  0|AC  0|TAMS 0x0000000711a00000, 0x0000000711a00000|
| 283|0x0000000711b00000, 0x0000000711b00000, 0x0000000711c00000|  0%| F|  |TS  0|AC  0|TAMS 0x0000000711b00000, 0x0000000711b00000|
| 284|0x0000000711c00000, 0x0000000711c00000, 0x0000000711d00000|  0%| F|  |TS  0|AC  0|TAMS 0x0000000711c00000, 0x0000000711c00000|
| 285|0x0000000711d00000, 0x0000000711d00000, 0x0000000711e00000|  0%| F|  |TS  0|AC  0|TAMS 0x0000000711d00000, 0x0000000711d00000|
| 286|0x0000000711e00000, 0x0000000711e00000, 0x0000000711f00000|  0%| F|  |TS 51|AC  0|TAMS 0x0000000711e00000, 0x0000000711e00000|
| 287|0x0000000711f00000, 0x0000000711f00000, 0x0000000712000000|  0%| F|  |TS 49|AC  0|TAMS 0x0000000711f00000, 0x0000000711f00000|
| 288|0x0000000712000000, 0x0000000712000000, 0x0000000712100000|  0%| F|  |TS 59|AC  0|TAMS 0x0000000712000000, 0x0000000712000000|
| 289|0x0000000712100000, 0x0000000712100000, 0x0000000712200000|  0%| F|  |TS 87|AC  0|TAMS 0x0000000712100000, 0x0000000712100000|
| 290|0x0000000712200000, 0x00000007122652c0, 0x0000000712300000| 39%| S|  |TS 87|AC  0|TAMS 0x0000000712200000, 0x0000000712200000|
| 291|0x0000000712300000, 0x0000000712300000, 0x0000000712400000|  0%| F|  |TS 87|AC  0|TAMS 0x0000000712300000, 0x0000000712300000|
| 292|0x0000000712400000, 0x0000000712500000, 0x0000000712500000|100%| S|  |TS 87|AC  0|TAMS 0x0000000712400000, 0x0000000712400000|
| 293|0x0000000712500000, 0x0000000712500000, 0x0000000712600000|  0%| F|  |TS 87|AC  0|TAMS 0x0000000712500000, 0x0000000712500000|
| 294|0x0000000712600000, 0x0000000712600000, 0x0000000712700000|  0%| F|  |TS 87|AC  0|TAMS 0x0000000712600000, 0x0000000712600000|
| 295|0x0000000712700000, 0x0000000712700000, 0x0000000712800000|  0%| F|  |TS 87|AC  0|TAMS 0x0000000712700000, 0x0000000712700000|
| 296|0x0000000712800000, 0x0000000712800000, 0x0000000712900000|  0%| F|  |TS 87|AC  0|TAMS 0x0000000712800000, 0x0000000712800000|
| 297|0x0000000712900000, 0x0000000712900000, 0x0000000712a00000|  0%| F|  |TS 87|AC  0|TAMS 0x0000000712900000, 0x0000000712900000|
| 298|0x0000000712a00000, 0x0000000712a00000, 0x0000000712b00000|  0%| F|  |TS 87|AC  0|TAMS 0x0000000712a00000, 0x0000000712a00000|
| 299|0x0000000712b00000, 0x0000000712b00000, 0x0000000712c00000|  0%| F|  |TS 87|AC  0|TAMS 0x0000000712b00000, 0x0000000712b00000|
| 300|0x0000000712c00000, 0x0000000712c00000, 0x0000000712d00000|  0%| F|  |TS 87|AC  0|TAMS 0x0000000712c00000, 0x0000000712c00000|
| 301|0x0000000712d00000, 0x0000000712d00000, 0x0000000712e00000|  0%| F|  |TS 87|AC  0|TAMS 0x0000000712d00000, 0x0000000712d00000|
| 302|0x0000000712e00000, 0x0000000712e00000, 0x0000000712f00000|  0%| F|  |TS 87|AC  0|TAMS 0x0000000712e00000, 0x0000000712e00000|
| 303|0x0000000712f00000, 0x0000000712f00000, 0x0000000713000000|  0%| F|  |TS 87|AC  0|TAMS 0x0000000712f00000, 0x0000000712f00000|
| 304|0x0000000713000000, 0x0000000713000000, 0x0000000713100000|  0%| F|  |TS 87|AC  0|TAMS 0x0000000713000000, 0x0000000713000000|
| 305|0x0000000713100000, 0x0000000713100000, 0x0000000713200000|  0%| F|  |TS 87|AC  0|TAMS 0x0000000713100000, 0x0000000713100000|
| 306|0x0000000713200000, 0x0000000713200000, 0x0000000713300000|  0%| F|  |TS 87|AC  0|TAMS 0x0000000713200000, 0x0000000713200000|
| 307|0x0000000713300000, 0x0000000713300000, 0x0000000713400000|  0%| F|  |TS 87|AC  0|TAMS 0x0000000713300000, 0x0000000713300000|
| 308|0x0000000713400000, 0x0000000713400000, 0x0000000713500000|  0%| F|  |TS 87|AC  0|TAMS 0x0000000713400000, 0x0000000713400000|
| 309|0x0000000713500000, 0x0000000713500000, 0x0000000713600000|  0%| F|  |TS 87|AC  0|TAMS 0x0000000713500000, 0x0000000713500000|
| 310|0x0000000713600000, 0x000000071364a920, 0x0000000713700000| 29%| E|  |TS 87|AC  0|TAMS 0x0000000713600000, 0x0000000713600000|
| 311|0x0000000713700000, 0x0000000713800000, 0x0000000713800000|100%| E|  |TS 87|AC  0|TAMS 0x0000000713700000, 0x0000000713700000|
| 312|0x0000000713800000, 0x0000000713900000, 0x0000000713900000|100%| E|  |TS 87|AC  0|TAMS 0x0000000713800000, 0x0000000713800000|
| 313|0x0000000713900000, 0x0000000713a00000, 0x0000000713a00000|100%| E|  |TS 87|AC  0|TAMS 0x0000000713900000, 0x0000000713900000|
| 314|0x0000000713a00000, 0x0000000713b00000, 0x0000000713b00000|100%| E|  |TS 87|AC  0|TAMS 0x0000000713a00000, 0x0000000713a00000|
| 315|0x0000000713b00000, 0x0000000713c00000, 0x0000000713c00000|100%| E|  |TS 87|AC  0|TAMS 0x0000000713b00000, 0x0000000713b00000|
| 316|0x0000000713c00000, 0x0000000713d00000, 0x0000000713d00000|100%| E|  |TS 87|AC  0|TAMS 0x0000000713c00000, 0x0000000713c00000|
| 317|0x0000000713d00000, 0x0000000713e00000, 0x0000000713e00000|100%| E|  |TS 87|AC  0|TAMS 0x0000000713d00000, 0x0000000713d00000|
| 318|0x0000000713e00000, 0x0000000713f00000, 0x0000000713f00000|100%| E|  |TS 87|AC  0|TAMS 0x0000000713e00000, 0x0000000713e00000|
| 319|0x0000000713f00000, 0x0000000714000000, 0x0000000714000000|100%| E|  |TS 87|AC  0|TAMS 0x0000000713f00000, 0x0000000713f00000|
| 320|0x0000000714000000, 0x0000000714100000, 0x0000000714100000|100%| E|  |TS 87|AC  0|TAMS 0x0000000714000000, 0x0000000714000000|
| 321|0x0000000714100000, 0x0000000714200000, 0x0000000714200000|100%| E|  |TS 87|AC  0|TAMS 0x0000000714100000, 0x0000000714100000|
| 322|0x0000000714200000, 0x0000000714300000, 0x0000000714300000|100%| E|  |TS 87|AC  0|TAMS 0x0000000714200000, 0x0000000714200000|
| 323|0x0000000714300000, 0x0000000714400000, 0x0000000714400000|100%| E|  |TS 87|AC  0|TAMS 0x0000000714300000, 0x0000000714300000|
| 324|0x0000000714400000, 0x0000000714500000, 0x0000000714500000|100%| E|  |TS 87|AC  0|TAMS 0x0000000714400000, 0x0000000714400000|
| 325|0x0000000714500000, 0x0000000714600000, 0x0000000714600000|100%| E|  |TS 87|AC  0|TAMS 0x0000000714500000, 0x0000000714500000|
| 326|0x0000000714600000, 0x0000000714700000, 0x0000000714700000|100%| E|  |TS 87|AC  0|TAMS 0x0000000714600000, 0x0000000714600000|
| 327|0x0000000714700000, 0x0000000714800000, 0x0000000714800000|100%| E|  |TS 87|AC  0|TAMS 0x0000000714700000, 0x0000000714700000|
| 328|0x0000000714800000, 0x0000000714900000, 0x0000000714900000|100%| E|  |TS 87|AC  0|TAMS 0x0000000714800000, 0x0000000714800000|
| 329|0x0000000714900000, 0x0000000714a00000, 0x0000000714a00000|100%| E|  |TS 87|AC  0|TAMS 0x0000000714900000, 0x0000000714900000|
| 330|0x0000000714a00000, 0x0000000714b00000, 0x0000000714b00000|100%| E|  |TS 87|AC  0|TAMS 0x0000000714a00000, 0x0000000714a00000|
| 331|0x0000000714b00000, 0x0000000714c00000, 0x0000000714c00000|100%| E|  |TS 87|AC  0|TAMS 0x0000000714b00000, 0x0000000714b00000|
| 332|0x0000000714c00000, 0x0000000714d00000, 0x0000000714d00000|100%| E|  |TS 87|AC  0|TAMS 0x0000000714c00000, 0x0000000714c00000|
| 333|0x0000000714d00000, 0x0000000714e00000, 0x0000000714e00000|100%| E|  |TS 87|AC  0|TAMS 0x0000000714d00000, 0x0000000714d00000|
| 334|0x0000000714e00000, 0x0000000714f00000, 0x0000000714f00000|100%| E|  |TS 87|AC  0|TAMS 0x0000000714e00000, 0x0000000714e00000|
| 335|0x0000000714f00000, 0x0000000715000000, 0x0000000715000000|100%| E|  |TS 87|AC  0|TAMS 0x0000000714f00000, 0x0000000714f00000|
| 336|0x0000000715000000, 0x0000000715100000, 0x0000000715100000|100%| E|  |TS 87|AC  0|TAMS 0x0000000715000000, 0x0000000715000000|
| 337|0x0000000715100000, 0x0000000715200000, 0x0000000715200000|100%| E|  |TS 87|AC  0|TAMS 0x0000000715100000, 0x0000000715100000|
| 338|0x0000000715200000, 0x0000000715300000, 0x0000000715300000|100%| E|  |TS 87|AC  0|TAMS 0x0000000715200000, 0x0000000715200000|
| 339|0x0000000715300000, 0x0000000715400000, 0x0000000715400000|100%| E|  |TS 87|AC  0|TAMS 0x0000000715300000, 0x0000000715300000|
| 340|0x0000000715400000, 0x0000000715500000, 0x0000000715500000|100%| E|  |TS 87|AC  0|TAMS 0x0000000715400000, 0x0000000715400000|
| 341|0x0000000715500000, 0x0000000715600000, 0x0000000715600000|100%| E|  |TS 87|AC  0|TAMS 0x0000000715500000, 0x0000000715500000|
| 342|0x0000000715600000, 0x0000000715700000, 0x0000000715700000|100%| E|  |TS 87|AC  0|TAMS 0x0000000715600000, 0x0000000715600000|
| 343|0x0000000715700000, 0x0000000715800000, 0x0000000715800000|100%| E|  |TS 87|AC  0|TAMS 0x0000000715700000, 0x0000000715700000|
| 344|0x0000000715800000, 0x0000000715900000, 0x0000000715900000|100%| E|  |TS 87|AC  0|TAMS 0x0000000715800000, 0x0000000715800000|
| 345|0x0000000715900000, 0x0000000715a00000, 0x0000000715a00000|100%| E|  |TS 87|AC  0|TAMS 0x0000000715900000, 0x0000000715900000|
| 346|0x0000000715a00000, 0x0000000715b00000, 0x0000000715b00000|100%| E|  |TS 87|AC  0|TAMS 0x0000000715a00000, 0x0000000715a00000|
| 347|0x0000000715b00000, 0x0000000715c00000, 0x0000000715c00000|100%| E|  |TS 87|AC  0|TAMS 0x0000000715b00000, 0x0000000715b00000|
| 348|0x0000000715c00000, 0x0000000715d00000, 0x0000000715d00000|100%| E|  |TS 87|AC  0|TAMS 0x0000000715c00000, 0x0000000715c00000|
| 349|0x0000000715d00000, 0x0000000715e00000, 0x0000000715e00000|100%| E|  |TS 87|AC  0|TAMS 0x0000000715d00000, 0x0000000715d00000|
| 350|0x0000000715e00000, 0x0000000715f00000, 0x0000000715f00000|100%| E|  |TS 87|AC  0|TAMS 0x0000000715e00000, 0x0000000715e00000|

Card table byte_map: [0x000002e4b3fb0000,0x000002e4b45b0000] byte_map_base: 0x000002e4b07b0000

Marking Bits (Prev, Next): (CMBitMap*) 0x000002e4b9430788, (CMBitMap*) 0x000002e4b9430750
 Prev Bits: [0x000002e4d2890000, 0x000002e4d5890000)
 Next Bits: [0x000002e4cf890000, 0x000002e4d2890000)

Polling page: 0x000002e4ab690000

CodeHeap 'non-profiled nmethods': size=120000Kb used=27943Kb max_used=27943Kb free=92056Kb
 bounds [0x000002e4c8360000, 0x000002e4c9eb0000, 0x000002e4cf890000]
CodeHeap 'profiled nmethods': size=120000Kb used=49219Kb max_used=49219Kb free=70780Kb
 bounds [0x000002e4c0e30000, 0x000002e4c3e90000, 0x000002e4c8360000]
CodeHeap 'non-nmethods': size=5760Kb used=1889Kb max_used=1940Kb free=3870Kb
 bounds [0x000002e4c0890000, 0x000002e4c0b00000, 0x000002e4c0e30000]
 total_blobs=39342 nmethods=20181 adapters=1273
 compilation: enabled

Compilation events (10 events):
Event: 37780.334 Thread 0x000002e4b1813000 26579       4       com.jidesoft.grid.TreeTable::getRowAt (40 bytes)
Event: 37780.348 Thread 0x000002e4b1813000 nmethod 26579 0x000002e4c9eac210 code [0x000002e4c9eac400, 0x000002e4c9eacd08]
Event: 37780.408 Thread 0x000002e4b1814000 26580       4       com.jidesoft.docking.DockableFrame::isOpaque (48 bytes)
Event: 37780.410 Thread 0x000002e4b1814000 nmethod 26580 0x000002e4c9ead210 code [0x000002e4c9ead3a0, 0x000002e4c9ead4b8]
Event: 37780.455 Thread 0x000002e4b1814800 26581       3       com.jidesoft.grid.JideTable::m (6 bytes)
Event: 37780.455 Thread 0x000002e4b1814800 nmethod 26581 0x000002e4c3e8c190 code [0x000002e4c3e8c340, 0x000002e4c3e8c550]
Event: 37780.965 Thread 0x000002e4b1814800 26582   !   3       ui.frmwork.d.p::Ln (20 bytes)
Event: 37780.967 Thread 0x000002e4b1814800 nmethod 26582 0x000002e4c3e8c610 code [0x000002e4c3e8c800, 0x000002e4c3e8cd40]
Event: 37780.967 Thread 0x000002e4b1812000 26583       4       javax.swing.tree.DefaultMutableTreeNode::isNodeChild (39 bytes)
Event: 37780.969 Thread 0x000002e4b1812000 nmethod 26583 0x000002e4c9ead610 code [0x000002e4c9ead7a0, 0x000002e4c9ead858]

GC Heap History (10 events):
Event: 37774.648 GC heap after
{Heap after GC invocations=544 (full 24):
 garbage-first heap   total 359424K, used 113569K [0x0000000700000000, 0x0000000700100af8, 0x00000007c0000000)
  region size 1024K, 2 young (2048K), 2 survivors (2048K)
 Metaspace       used 92432K, capacity 95129K, committed 101888K, reserved 1136640K
  class space    used 12393K, capacity 12939K, committed 14336K, reserved 1048576K
}
Event: 37777.241 GC heap before
{Heap before GC invocations=544 (full 24):
 garbage-first heap   total 359424K, used 172961K [0x0000000700000000, 0x0000000700100af8, 0x00000007c0000000)
  region size 1024K, 60 young (61440K), 2 survivors (2048K)
 Metaspace       used 92434K, capacity 95129K, committed 101888K, reserved 1136640K
  class space    used 12393K, capacity 12939K, committed 14336K, reserved 1048576K
}
Event: 37777.245 GC heap after
{Heap after GC invocations=545 (full 24):
 garbage-first heap   total 359424K, used 113747K [0x0000000700000000, 0x0000000700100af8, 0x00000007c0000000)
  region size 1024K, 2 young (2048K), 2 survivors (2048K)
 Metaspace       used 92434K, capacity 95129K, committed 101888K, reserved 1136640K
  class space    used 12393K, capacity 12939K, committed 14336K, reserved 1048576K
}
Event: 37777.500 GC heap before
{Heap before GC invocations=545 (full 24):
 garbage-first heap   total 359424K, used 173139K [0x0000000700000000, 0x0000000700100af8, 0x00000007c0000000)
  region size 1024K, 60 young (61440K), 2 survivors (2048K)
 Metaspace       used 92437K, capacity 95129K, committed 101888K, reserved 1136640K
  class space    used 12393K, capacity 12939K, committed 14336K, reserved 1048576K
}
Event: 37777.504 GC heap after
{Heap after GC invocations=546 (full 24):
 garbage-first heap   total 359424K, used 113810K [0x0000000700000000, 0x0000000700100af8, 0x00000007c0000000)
  region size 1024K, 2 young (2048K), 2 survivors (2048K)
 Metaspace       used 92437K, capacity 95129K, committed 101888K, reserved 1136640K
  class space    used 12393K, capacity 12939K, committed 14336K, reserved 1048576K
}
Event: 37780.199 GC heap before
{Heap before GC invocations=546 (full 24):
 garbage-first heap   total 359424K, used 173202K [0x0000000700000000, 0x0000000700100af8, 0x00000007c0000000)
  region size 1024K, 60 young (61440K), 2 survivors (2048K)
 Metaspace       used 92438K, capacity 95129K, committed 101888K, reserved 1136640K
  class space    used 12393K, capacity 12939K, committed 14336K, reserved 1048576K
}
Event: 37780.208 GC heap after
{Heap after GC invocations=547 (full 24):
 garbage-first heap   total 359424K, used 113973K [0x0000000700000000, 0x0000000700100af8, 0x00000007c0000000)
  region size 1024K, 2 young (2048K), 2 survivors (2048K)
 Metaspace       used 92438K, capacity 95129K, committed 101888K, reserved 1136640K
  class space    used 12393K, capacity 12939K, committed 14336K, reserved 1048576K
}
Event: 37780.629 GC heap before
{Heap before GC invocations=547 (full 24):
 garbage-first heap   total 359424K, used 173365K [0x0000000700000000, 0x0000000700100af8, 0x00000007c0000000)
  region size 1024K, 60 young (61440K), 2 survivors (2048K)
 Metaspace       used 92438K, capacity 95129K, committed 101888K, reserved 1136640K
  class space    used 12393K, capacity 12939K, committed 14336K, reserved 1048576K
}
Event: 37780.636 GC heap after
{Heap after GC invocations=548 (full 24):
 garbage-first heap   total 359424K, used 113992K [0x0000000700000000, 0x0000000700100af8, 0x00000007c0000000)
  region size 1024K, 2 young (2048K), 2 survivors (2048K)
 Metaspace       used 92438K, capacity 95129K, committed 101888K, reserved 1136640K
  class space    used 12393K, capacity 12939K, committed 14336K, reserved 1048576K
}
Event: 44642.813 GC heap before
{Heap before GC invocations=548 (full 24):
 garbage-first heap   total 359424K, used 154952K [0x0000000700000000, 0x0000000700100af8, 0x00000007c0000000)
  region size 1024K, 43 young (44032K), 2 survivors (2048K)
 Metaspace       used 92438K, capacity 95129K, committed 101888K, reserved 1136640K
  class space    used 12393K, capacity 12939K, committed 14336K, reserved 1048576K
}

Deoptimization events (10 events):
Event: 37521.885 Thread 0x000002e4d62b8000 Uncommon trap: reason=unstable_if action=reinterpret pc=0x000002e4c9532ee0 method=com.jidesoft.editor.CodeEditorPainter.paintLineSelection(Ljava/awt/Graphics;ILcom/jidesoft/editor/caret/CaretPosition;Lcom/jidesoft/editor/caret/CaretPosition;I)V @ 651 c2
Event: 37587.584 Thread 0x000002e4d62b8000 Uncommon trap: reason=unstable_if action=reinterpret pc=0x000002e4c9810308 method=com.jidesoft.editor.CodeEditor$r_.a()V @ 358 c2
Event: 37615.186 Thread 0x000002e4d62b8000 Uncommon trap: reason=bimorphic_or_optimized_type_check action=maybe_recompile pc=0x000002e4c997da24 method=ui.frmwork.h.A.B(Ljavax/swing/JComponent;)V @ 121 c2
Event: 37615.187 Thread 0x000002e4d62b8000 Uncommon trap: reason=unstable_if action=reinterpret pc=0x000002e4c8de3364 method=javax.swing.DefaultBoundedRangeModel.setRangeProperties(IIIIZ)V @ 12 c2
Event: 37615.188 Thread 0x000002e4d62b8000 Uncommon trap: reason=unstable_if action=reinterpret pc=0x000002e4c965d868 method=java.awt.Container.locate(II)Ljava/awt/Component; @ 81 c2
Event: 37615.188 Thread 0x000002e4d62b8000 Uncommon trap: reason=unstable_if action=reinterpret pc=0x000002e4c9ad5d34 method=com.jidesoft.editor.CodeEditor.setFirstLine(I)V @ 81 c2
Event: 37615.189 Thread 0x000002e4d62b8000 Uncommon trap: reason=speculate_class_check action=maybe_recompile pc=0x000002e4c98b10ec method=java.util.Hashtable.get(Ljava/lang/Object;)Ljava/lang/Object; @ 6 c2
Event: 37646.010 Thread 0x000002e4d62b8000 Uncommon trap: reason=class_check action=maybe_recompile pc=0x000002e4c93021b0 method=sun.awt.image.ImageWatched$WeakLink.isWatcher(Ljava/awt/image/ImageObserver;)Z @ 16 c2
Event: 37646.051 Thread 0x000002e4d62b8000 Uncommon trap: reason=class_check action=maybe_recompile pc=0x000002e4c93021b0 method=sun.awt.image.ImageWatched$WeakLink.isWatcher(Ljava/awt/image/ImageObserver;)Z @ 16 c2
Event: 37724.336 Thread 0x000002e4d62b8000 Uncommon trap: reason=class_check action=maybe_recompile pc=0x000002e4c8b23014 method=java.awt.Component.addMouseListener(Ljava/awt/event/MouseListener;)V @ 26 c2

Classes redefined (0 events):
No events

Internal exceptions (10 events):
Event: 37486.556 Thread 0x000002e4d62b8000 Implicit null exception at 0x000002e4c8db91f8 to 0x000002e4c8db955d
Event: 37489.863 Thread 0x000002e4d62b8000 Exception <a 'java/lang/NoSuchMethodError'{0x0000000713fa7eb8}: java.lang.invoke.DelegatingMethodHandle$Holder.reinvoke_L(Ljava/lang/Object;IILjava/lang/Object;Ljava/lang/Object;Ljava/lang/Object;)Ljava/lang/Object;> (0x0000000713fa7eb8) thrown at [t:/wor
Event: 37489.878 Thread 0x000002e4d62b8000 Implicit null exception at 0x000002e4c8d3b4fe to 0x000002e4c8d3bcd1
Event: 37492.136 Thread 0x000002e4d62b8000 Implicit null exception at 0x000002e4c9c65803 to 0x000002e4c9c65df1
Event: 37492.136 Thread 0x000002e4d62b8000 Implicit null exception at 0x000002e4c9c6694b to 0x000002e4c9c66f0d
Event: 37492.136 Thread 0x000002e4d62b8000 Implicit null exception at 0x000002e4c9c67993 to 0x000002e4c9c67e7d
Event: 37612.353 Thread 0x000002e4e286a000 Exception <a 'java/lang/InterruptedException'{0x0000000714582180}: sleep interrupted> (0x0000000714582180) thrown at [t:/workspace/hotspot/src/share/vm/prims/jvm.cpp, line 2984]
Event: 37615.187 Thread 0x000002e4d62b8000 Implicit null exception at 0x000002e4c965d382 to 0x000002e4c965d82c
Event: 37615.310 Thread 0x000002e4d62b8000 Exception <a 'java/lang/NoSuchMethodError'{0x0000000714b1cf10}: java.lang.invoke.DirectMethodHandle$Holder.invokeStatic(Ljava/lang/Object;Ljava/lang/Object;Ljava/lang/Object;)V> (0x0000000714b1cf10) thrown at [t:/workspace/hotspot/src/share/vm/interpreter
Event: 37780.458 Thread 0x000002e4e286e800 Exception <a 'java/lang/InterruptedException'{0x0000000715d82be0}: sleep interrupted> (0x0000000715d82be0) thrown at [t:/workspace/hotspot/src/share/vm/prims/jvm.cpp, line 2984]

Events (10 events):
Event: 44642.770 Thread 0x000002e4e1f69800 Thread added: 0x000002e4e1f69800
Event: 44642.770 Thread 0x000002e4e1f67800 Thread added: 0x000002e4e1f67800
Event: 44642.775 Thread 0x000002e4e1f69000 Thread exited: 0x000002e4e1f69000
Event: 44642.781 Thread 0x000002e4e1f6c800 Thread exited: 0x000002e4e1f6c800
Event: 44642.786 Executing VM operation: RevokeBias
Event: 44642.799 Executing VM operation: RevokeBias done
Event: 44642.799 Thread 0x000002e4e1f69800 Thread exited: 0x000002e4e1f69800
Event: 44642.799 Thread 0x000002e4e1f6e000 Thread added: 0x000002e4e1f6e000
Event: 44642.813 Thread 0x000002e4e1f6e000 Thread exited: 0x000002e4e1f6e000
Event: 44642.813 Executing VM operation: G1CollectFull


Dynamic libraries:
0x00007ff7b3da0000 - 0x00007ff7b3dd0000 	C:\Xilinx\Vivado\2019.2\bin\unwrapped\win64.o\vivado.exe
0x00007ffcfa890000 - 0x00007ffcfaa84000 	C:\WINDOWS\SYSTEM32\ntdll.dll
0x00007ffcf9eb0000 - 0x00007ffcf9f6d000 	C:\WINDOWS\System32\KERNEL32.DLL
0x00007ffcf8630000 - 0x00007ffcf88f7000 	C:\WINDOWS\System32\KERNELBASE.dll
0x00007ffcf80f0000 - 0x00007ffcf81f0000 	C:\WINDOWS\System32\ucrtbase.dll
0x00007ffcf35f0000 - 0x00007ffcf3689000 	C:\WINDOWS\SYSTEM32\MSVCP140.dll
0x00007ffcf3200000 - 0x00007ffcf3216000 	C:\Xilinx\Vivado\2019.2\lib\win64.o\librdi_commonmain.dll
0x00007ffcf1770000 - 0x00007ffcf1784000 	C:\Xilinx\Vivado\2019.2\lib\win64.o\libboost_signals.dll
0x00007ffcf3690000 - 0x00007ffcf36a7000 	C:\WINDOWS\SYSTEM32\VCRUNTIME140.dll
0x00007ffcc30a0000 - 0x00007ffcc3fe3000 	C:\Xilinx\Vivado\2019.2\lib\win64.o\librdi_common.dll
0x00007ffcfa4e0000 - 0x00007ffcfa680000 	C:\WINDOWS\System32\USER32.dll
0x00007ffcf80c0000 - 0x00007ffcf80e2000 	C:\WINDOWS\System32\win32u.dll
0x00007ffcfa2b0000 - 0x00007ffcfa2da000 	C:\WINDOWS\System32\GDI32.dll
0x00007ffcf0640000 - 0x00007ffcf0666000 	C:\Xilinx\Vivado\2019.2\lib\win64.o\libboost_filesystem.dll
0x00007ffcf8520000 - 0x00007ffcf862a000 	C:\WINDOWS\System32\gdi32full.dll
0x00007ffcf3190000 - 0x00007ffcf319a000 	C:\Xilinx\Vivado\2019.2\lib\win64.o\librdi_commonversion.dll
0x00007ffcf9f70000 - 0x00007ffcfa01a000 	C:\WINDOWS\System32\ADVAPI32.dll
0x00007ffcf8480000 - 0x00007ffcf851d000 	C:\WINDOWS\System32\msvcp_win.dll
0x00007ffcdcba0000 - 0x00007ffcdcd41000 	C:\Xilinx\Vivado\2019.2\lib\win64.o\librdi_commonxillic.dll
0x00007ffcfa680000 - 0x00007ffcfa71e000 	C:\WINDOWS\System32\msvcrt.dll
0x00007ffcfa780000 - 0x00007ffcfa7eb000 	C:\WINDOWS\System32\WS2_32.dll
0x00007ffcf94c0000 - 0x00007ffcf9bf4000 	C:\WINDOWS\System32\SHELL32.dll
0x00007ffcf9e10000 - 0x00007ffcf9eab000 	C:\WINDOWS\System32\sechost.dll
0x00007ffcfa2e0000 - 0x00007ffcfa403000 	C:\WINDOWS\System32\RPCRT4.dll
0x00007ffcf83a0000 - 0x00007ffcf83c7000 	C:\WINDOWS\System32\bcrypt.dll
0x000000006e440000 - 0x000000006e56b000 	C:\Xilinx\Vivado\2019.2\lib\win64.o\tcl85t.dll
0x00007ffcf0580000 - 0x00007ffcf0594000 	C:\Xilinx\Vivado\2019.2\lib\win64.o\libboost_date_time.dll
0x00007ffcd2220000 - 0x00007ffcd258e000 	C:\Xilinx\Vivado\2019.2\lib\win64.o\libCOIN-all.dll
0x00007ffcd2b70000 - 0x00007ffcd2bef000 	C:\Xilinx\Vivado\2019.2\lib\win64.o\libboost_program_options.dll
0x00007ffcc5020000 - 0x00007ffcc5134000 	C:\Xilinx\Vivado\2019.2\lib\win64.o\libboost_regex.dll
0x00007ffcf3160000 - 0x00007ffcf316b000 	C:\Xilinx\Vivado\2019.2\lib\win64.o\libboost_system.dll
0x00007ffcf2a40000 - 0x00007ffcf2a4f000 	C:\Xilinx\Vivado\2019.2\lib\win64.o\libboost_xilinx.dll
0x00007ffcf0500000 - 0x00007ffcf0521000 	C:\Xilinx\Vivado\2019.2\lib\win64.o\libboost_thread.dll
0x00007ffccd660000 - 0x00007ffccd6e2000 	C:\Xilinx\Vivado\2019.2\lib\win64.o\libhdlpsolve.dll
0x00007ffcc6320000 - 0x00007ffcc63c5000 	C:\Xilinx\Vivado\2019.2\lib\win64.o\libhdxml.dll
0x00007ffcef5a0000 - 0x00007ffcef5ce000 	C:\Xilinx\Vivado\2019.2\lib\win64.o\libisl_sysinfo.dll
0x00007ffcd2900000 - 0x00007ffcd2965000 	C:\Xilinx\Vivado\2019.2\lib\win64.o\liblmx6.0.dll
0x00007ffcf0490000 - 0x00007ffcf04aa000 	C:\Xilinx\Vivado\2019.2\lib\win64.o\pthreadVC2.dll
0x00007ffcef500000 - 0x00007ffcef51c000 	C:\Xilinx\Vivado\2019.2\lib\win64.o\librdiconfig.dll
0x00007ffcef4d0000 - 0x00007ffcef4f1000 	C:\Xilinx\Vivado\2019.2\lib\win64.o\librdizlib.dll
0x0000000012000000 - 0x0000000012270000 	C:\Xilinx\Vivado\2019.2\lib\win64.o\xerces-c_3_1.dll
0x00007ffcc4ae0000 - 0x00007ffcc4dbb000 	C:\Xilinx\Vivado\2019.2\lib\win64.o\libXil_lmgr11.dll
0x00007ffcc2020000 - 0x00007ffcc2c1c200 	C:\Xilinx\Vivado\2019.2\lib\win64.o\libisl_iostreams.dll
0x00007ffcf9280000 - 0x00007ffcf935a000 	C:\WINDOWS\System32\COMDLG32.dll
0x00007ffcf8ab0000 - 0x00007ffcf8e03000 	C:\WINDOWS\System32\combase.dll
0x00007ffcf9360000 - 0x00007ffcf940e000 	C:\WINDOWS\System32\shcore.dll
0x00007ffcfa0e0000 - 0x00007ffcfa135000 	C:\WINDOWS\System32\SHLWAPI.dll
0x00007ffce47d0000 - 0x00007ffce47e8000 	C:\WINDOWS\SYSTEM32\NETAPI32.dll
0x00007ffce00c0000 - 0x00007ffce059a000 	C:\WINDOWS\SYSTEM32\WININET.dll
0x00007ffcea5d0000 - 0x00007ffcea6d0000 	C:\WINDOWS\SYSTEM32\WINHTTP.dll
0x00007ffcfa410000 - 0x00007ffcfa4dd000 	C:\WINDOWS\System32\OLEAUT32.dll
0x00007ffcfa150000 - 0x00007ffcfa279000 	C:\WINDOWS\System32\ole32.dll
0x00007ffce6140000 - 0x00007ffce632d000 	C:\WINDOWS\SYSTEM32\urlmon.dll
0x00007ffcf8060000 - 0x00007ffcf80c0000 	C:\WINDOWS\System32\WINTRUST.dll
0x00007ffcf8240000 - 0x00007ffcf839d000 	C:\WINDOWS\System32\CRYPT32.dll
0x00007ffce5fa0000 - 0x00007ffce5fc8000 	C:\WINDOWS\SYSTEM32\VCOMP140.DLL
0x00007ffce4bb0000 - 0x00007ffce4bb9000 	C:\WINDOWS\SYSTEM32\WSOCK32.dll
0x00007ffcbc2b0000 - 0x00007ffcbd141000 	C:\Xilinx\Vivado\2019.2\lib\win64.o\gurobi65.dll
0x00007ffcf2220000 - 0x00007ffcf222d000 	C:\Xilinx\Vivado\2019.2\lib\win64.o\libboost_chrono.dll
0x00007ffce5f80000 - 0x00007ffce5f9b000 	C:\Xilinx\Vivado\2019.2\lib\win64.o\libboost_iostreams.dll
0x00007ffce58d0000 - 0x00007ffce58f5000 	C:\Xilinx\Vivado\2019.2\lib\win64.o\libisl_iosutils.dll
0x00007ffce6e30000 - 0x00007ffce6ee0000 	C:\WINDOWS\WinSxS\amd64_microsoft.windows.common-controls_6595b64144ccf1df_5.82.19041.1_none_4b395a7b3c8e63ab\COMCTL32.dll
0x00007ffcf0e40000 - 0x00007ffcf0e5d000 	C:\WINDOWS\SYSTEM32\dhcpcsvc.DLL
0x00007ffce5bf0000 - 0x00007ffce5e9e000 	C:\WINDOWS\SYSTEM32\iertutil.dll
0x00007ffcf7510000 - 0x00007ffcf751c000 	C:\WINDOWS\SYSTEM32\NETUTILS.DLL
0x00007ffcfa280000 - 0x00007ffcfa2b0000 	C:\WINDOWS\System32\IMM32.DLL
0x00007ffcf7b90000 - 0x00007ffcf7ba2000 	C:\WINDOWS\SYSTEM32\MSASN1.dll
0x00007ffcf6940000 - 0x00007ffcf6953000 	C:\WINDOWS\SYSTEM32\kernel.appcore.dll
0x00007ffcc0f80000 - 0x00007ffcc1497000 	C:\Xilinx\Vivado\2019.2\lib\win64.o\librdi_commontasks.dll
0x00007ffcf0cc0000 - 0x00007ffcf0cca000 	C:\WINDOWS\SYSTEM32\VERSION.dll
0x000000006cd80000 - 0x000000006d7a5000 	C:\Xilinx\Vivado\2019.2\tps\win64\jre9.0.4\bin\server\jvm.dll
0x00007ffcf9410000 - 0x00007ffcf9418000 	C:\WINDOWS\System32\PSAPI.DLL
0x00007ffcc4250000 - 0x00007ffcc4533000 	C:\Xilinx\Vivado\2019.2\lib\win64.o\librdi_sio.dll
0x00007ffce7ce0000 - 0x00007ffce7d07000 	C:\WINDOWS\SYSTEM32\WINMM.dll
0x00007ffcf7400000 - 0x00007ffcf743b000 	C:\WINDOWS\SYSTEM32\IPHLPAPI.DLL
0x00007ffcc4f30000 - 0x00007ffcc501f000 	C:\WINDOWS\SYSTEM32\MSVCR120.dll
0x00007ffcf7710000 - 0x00007ffcf777a000 	C:\WINDOWS\SYSTEM32\MSWSOCK.DLL
0x00007ffcf5e60000 - 0x00007ffcf65ee000 	C:\WINDOWS\SYSTEM32\windows.storage.dll
0x00007ffcf79f0000 - 0x00007ffcf7a1b000 	C:\WINDOWS\SYSTEM32\Wldp.dll
0x00007ffcb9b60000 - 0x00007ffcbc2a5000 	C:\Xilinx\Vivado\2019.2\lib\win64.o\librdi_tcltasks.dll
0x00007ffccc720000 - 0x00007ffccc79b000 	C:\Xilinx\Vivado\2019.2\lib\win64.o\librdi_boarddep.dll
0x00007ffcc2da0000 - 0x00007ffcc2ef2000 	C:\Xilinx\Vivado\2019.2\lib\win64.o\librdi_cd_client.dll
0x00007ffcc2f00000 - 0x00007ffcc309d000 	C:\Xilinx\Vivado\2019.2\lib\win64.o\librdi_board.dll
0x00007ffcc2cb0000 - 0x00007ffcc2d9f000 	C:\Xilinx\Vivado\2019.2\lib\win64.o\librdi_chipscope.dll
0x00007ffcbfa60000 - 0x00007ffcbff14000 	C:\Xilinx\Vivado\2019.2\lib\win64.o\librdi_bitstream.dll
0x00007ffcc1e60000 - 0x00007ffcc2020000 	C:\Xilinx\Vivado\2019.2\lib\win64.o\librdi_chipscopeimpl.dll
0x00007ffcbf730000 - 0x00007ffcbfa54000 	C:\Xilinx\Vivado\2019.2\lib\win64.o\librdi_containers.dll
0x00007ffcb16e0000 - 0x00007ffcb59ab000 	C:\Xilinx\Vivado\2019.2\lib\win64.o\librdi_designutils.dll
0x00007ffcb8080000 - 0x00007ffcb9b5a000 	C:\Xilinx\Vivado\2019.2\lib\win64.o\librdi_constraints.dll
0x00007ffcb59b0000 - 0x00007ffcb6089000 	C:\Xilinx\Vivado\2019.2\lib\win64.o\librdi_coregenipxact.dll
0x00007ffcb6090000 - 0x00007ffcb8080000 	C:\Xilinx\Vivado\2019.2\lib\win64.o\librdi_coregen.dll
0x00007ffc9c7e0000 - 0x00007ffc9cb2a000 	C:\Xilinx\Vivado\2019.2\lib\win64.o\librdi_dlyest.dll
0x00007ffc9c210000 - 0x00007ffc9c7dd000 	C:\Xilinx\Vivado\2019.2\lib\win64.o\librdi_drc.dll
0x00007ffcc1d90000 - 0x00007ffcc1e54000 	C:\Xilinx\Vivado\2019.2\lib\win64.o\librdi_dsp.dll
0x00007ffc9bba0000 - 0x00007ffc9c20b000 	C:\Xilinx\Vivado\2019.2\lib\win64.o\librdi_filemgmt.dll
0x00007ffcd2870000 - 0x00007ffcd28da000 	C:\Xilinx\Vivado\2019.2\lib\win64.o\librdi_hdf.dll
0x00007ffc9b890000 - 0x00007ffc9bba0000 	C:\Xilinx\Vivado\2019.2\lib\win64.o\librdi_guitools.dll
0x00007ffcc1ad0000 - 0x00007ffcc1c18000 	C:\Xilinx\Vivado\2019.2\lib\win64.o\librdi_hip_perf_analysis.dll
0x00007ffcc0d60000 - 0x00007ffcc0f80000 	C:\Xilinx\Vivado\2019.2\lib\win64.o\librdi_hip_devdesign.dll
0x00007ffcc1d10000 - 0x00007ffcc1d84000 	C:\Xilinx\Vivado\2019.2\lib\win64.o\librdi_memoryarray.dll
0x00007ffc99ae0000 - 0x00007ffc9a111000 	C:\Xilinx\Vivado\2019.2\lib\win64.o\librdi_memdata.dll
0x00007ffc9a120000 - 0x00007ffc9b88d000 	C:\Xilinx\Vivado\2019.2\lib\win64.o\librdi_implflow.dll
0x00007ffcdcb50000 - 0x00007ffcdcb9c000 	C:\Xilinx\Vivado\2019.2\lib\win64.o\librdi_pfi.dll
0x00007ffc96620000 - 0x00007ffc96d03000 	C:\Xilinx\Vivado\2019.2\lib\win64.o\librdi_netlist.dll
0x00007ffc9cb30000 - 0x00007ffcb16db000 	C:\Xilinx\Vivado\2019.2\lib\win64.o\librdi_device.dll
0x00007ffc93a30000 - 0x00007ffc93d4b000 	C:\Xilinx\Vivado\2019.2\lib\win64.o\librdi_platform.dll
0x00007ffc93220000 - 0x00007ffc93a2b000 	C:\Xilinx\Vivado\2019.2\lib\win64.o\librdi_power.dll
0x00007ffc92520000 - 0x00007ffc92c53000 	C:\Xilinx\Vivado\2019.2\lib\win64.o\librdi_psta.dll
0x00007ffc92c60000 - 0x00007ffc9321a000 	C:\Xilinx\Vivado\2019.2\lib\win64.o\librdi_project.dll
0x00007ffc93d50000 - 0x00007ffc96617000 	C:\Xilinx\Vivado\2019.2\lib\win64.o\librdi_place.dll
0x00007ffc91e50000 - 0x00007ffc92511000 	C:\Xilinx\Vivado\2019.2\lib\win64.o\librdi_rsb.dll
0x00007ffc91a20000 - 0x00007ffc91e43000 	C:\Xilinx\Vivado\2019.2\lib\win64.o\librdi_runs.dll
0x00007ffcc08a0000 - 0x00007ffcc09a8000 	C:\Xilinx\Vivado\2019.2\lib\win64.o\librdi_runsbase.dll
0x00007ffc90910000 - 0x00007ffc90b85000 	C:\Xilinx\Vivado\2019.2\lib\win64.o\librdi_simdata.dll
0x00007ffc90b90000 - 0x00007ffc91a1d000 	C:\Xilinx\Vivado\2019.2\lib\win64.o\librdi_timing.dll
0x00007ffcc0700000 - 0x00007ffcc08a0000 	C:\Xilinx\Vivado\2019.2\lib\win64.o\librdi_cd_protocol.dll
0x00007ffcbef80000 - 0x00007ffcbf121000 	C:\Xilinx\Vivado\2019.2\lib\win64.o\librdi_advchipscopeimpl.dll
0x00007ffc96d10000 - 0x00007ffc99adb000 	C:\Xilinx\Vivado\2019.2\lib\win64.o\librdi_mig.dll
0x00007ffcd26b0000 - 0x00007ffcd26fc000 	C:\Xilinx\Vivado\2019.2\lib\win64.o\libboost_serialization.dll
0x00007ffcd21d0000 - 0x00007ffcd221a000 	C:\Xilinx\Vivado\2019.2\lib\win64.o\librdi_noc_frameworks.dll
0x00007ffc90720000 - 0x00007ffc90904000 	C:\Xilinx\Vivado\2019.2\lib\win64.o\librdi_hip_config.dll
0x00007ffc901d0000 - 0x00007ffc9071e000 	C:\Xilinx\Vivado\2019.2\lib\win64.o\librdi_xdm.dll
0x00007ffcbf550000 - 0x00007ffcbf627000 	C:\Xilinx\Vivado\2019.2\lib\win64.o\librdi_ipconfig_readwrite.dll
0x00007ffc8f680000 - 0x00007ffc901c7000 	C:\Xilinx\Vivado\2019.2\lib\win64.o\libverific.dll
0x00007ffcc0a60000 - 0x00007ffcc0afe000 	C:\Xilinx\Vivado\2019.2\lib\win64.o\libise.dll
0x00007ffcd1ea0000 - 0x00007ffcd1eea000 	C:\Xilinx\Vivado\2019.2\lib\win64.o\librdi_wavedata_SimpleApi.dll
0x00007ffc8f060000 - 0x00007ffc8f67b000 	C:\Xilinx\Vivado\2019.2\lib\win64.o\librdi_wavedata.dll
0x00007ffc8ef90000 - 0x00007ffc8f05c000 	C:\Xilinx\Vivado\2019.2\lib\win64.o\libsqlite3.28.0.dll

VM Arguments:
jvm_args: -Dsun.java2d.pmoffscreen=false -Dsun.java2d.xrender=false -Dsun.java2d.d3d=false -Dsun.awt.nopixfmt=true -Dsun.java2d.dpiaware=true -Dsun.java2d.uiScale.enabled=false -Xverify:none -Dswing.aatext=true -XX:-UsePerfData -Djdk.map.althashing.threshold=512 -XX:StringTableSize=4072 --add-opens=java.base/java.nio=ALL-UNNAMED --add-opens=java.desktop/sun.swing=ALL-UNNAMED --add-opens=java.desktop/javax.swing=ALL-UNNAMED --add-opens=java.desktop/javax.swing.tree=ALL-UNNAMED --add-opens=java.desktop/javax.swing.plaf.basic=ALL-UNNAMED --add-opens=java.desktop/javax.swing.plaf.synth=ALL-UNNAMED --add-opens=java.desktop/com.sun.awt=ALL-UNNAMED -XX:NewSize=60m -XX:MaxNewSize=60m -Xms128m -Xmx3072m -Xss5m 
java_command: <unknown>
java_class_path (initial): C:/Xilinx/Vivado/2019.2\lib\classes\alloy.jar;C:/Xilinx/Vivado/2019.2\lib\classes\autoesl-common.jar;C:/Xilinx/Vivado/2019.2\lib\classes\autoesl-models.jar;C:/Xilinx/Vivado/2019.2\lib\classes\autoesl-report.jar;C:/Xilinx/Vivado/2019.2\lib\classes\autopilot.scelaborator.jar;C:/Xilinx/Vivado/2019.2\lib\classes\autopilot.sourceprocessor.jar;C:/Xilinx/Vivado/2019.2\lib\classes\autopilot.tbprocessor.jar;C:/Xilinx/Vivado/2019.2\lib\classes\batik-anim.jar;C:/Xilinx/Vivado/2019.2\lib\classes\batik-awt-util.jar;C:/Xilinx/Vivado/2019.2\lib\classes\batik-bridge.jar;C:/Xilinx/Vivado/2019.2\lib\classes\batik-codec.jar;C:/Xilinx/Vivado/2019.2\lib\classes\batik-css.jar;C:/Xilinx/Vivado/2019.2\lib\classes\batik-dom.jar;C:/Xilinx/Vivado/2019.2\lib\classes\batik-ext.jar;C:/Xilinx/Vivado/2019.2\lib\classes\batik-gui-util.jar;C:/Xilinx/Vivado/2019.2\lib\classes\batik-gvt.jar;C:/Xilinx/Vivado/2019.2\lib\classes\batik-parser.jar;C:/Xilinx/Vivado/2019.2\lib\classes\batik-script.jar;C:/Xilinx/Vivado/2019.2\lib\classes\batik-svg-dom.jar;C:/Xilinx/Vivado/2019.2\lib\classes\batik-swing.jar;C:/Xilinx/Vivado/2019.2\lib\classes\batik-transcoder.jar;C:/Xilinx/Vivado/2019.2\lib\classes\batik-util.jar;C:/Xilinx/Vivado/2019.2\lib\classes\batik-xml.jar;C:/Xilinx/Vivado/2019.2\lib\classes\com.google.gson_2.7.0.v20170129-0911.jar;C:/Xilinx/Vivado/2019.2\lib\classes\com.google.guava_21.0.0.v20170206-1425.jar;C:/Xilinx/Vivado/2019.2\lib\classes\com.ibm.icu_4.4.2.v20110208.jar;C:/Xilinx/Vivado/2019.2\lib\classes\com.sigasi.hdt.connection_4.5.0.201909241521.jar;C:/Xilinx/Vivado/2019.2\lib\classes\com.sigasi.hdt.epl_4.5.0.201909241521.jar;C:/Xilinx/Vivado/2019.2\lib\classes\com.sigasi.hdt.project_4.5.0.201909241521.jar;C:/Xilinx/Vivado/2019.2\lib\classes\com.sigasi.hdt.readonlyfilesystem_4.5.0.201909241521.jar;C:/Xilinx/Vivado/2019.2\lib\classes\com.sigasi.lcm_4.5.0.201909241521.jar;C:/Xilinx/Vivado/2019.2\lib\classes\com.sigasi.sdk.client_4.5.0.201909241521.jar;C:/Xilinx/Vivado
Launcher Type: generic

Logging:
Log output configuration:
#0: stdout all=warning uptime,level,tags
#1: stderr all=off uptime,level,tags

Environment Variables:
JAVA_HOME=C:\Program Files\Java\jdk1.8.0_181
PATH=C:/Xilinx/Vivado/2019.2/bin;C:/Xilinx/Vivado/2019.2/lib/win64.o;C:/Xilinx/Vivado/2019.2/tps/win64/jre9.0.4/bin/server;C:/Xilinx/Vivado/2019.2/tps/win64/jre9.0.4/bin;C:/Xilinx/Vivado/2019.2/ids_lite/ISE/bin/nt64;C:/Xilinx/Vivado/2019.2/ids_lite/ISE/lib/nt64;C:\Program Files (x86)\Common Files\Intel\Shared Libraries\redist\intel64\compiler;C:\Program Files (x86)\Common Files\Oracle\Java\javapath;C:\Program Files\NVIDIA GPU Computing Toolkit\CUDA\v9.0\bin;C:\Program Files\NVIDIA GPU Computing Toolkit\CUDA\v9.0\libnvvp;C:\Program Files (x86)\Intel\iCLS Client\;C:\Program Files\Intel\iCLS Client\;C:\Windows\system32;C:\Windows;C:\Windows\System32\Wbem;C:\Windows\System32\WindowsPowerShell\v1.0\;C:\Program Files (x86)\Intel\Intel(R) Management Engine Components\DAL;C:\Program Files\Intel\Intel(R) Management Engine Components\DAL;C:\Program Files (x86)\Intel\Intel(R) Management Engine Components\IPT;C:\Program Files\Intel\Intel(R) Management Engine Components\IPT;C:\Program Files (x86)\NVIDIA Corporation\PhysX\Common;C:\Program Files\nodejs\;C:\Program Files\PuTTY\;D:\Apps\Git\cmd;C:\WINDOWS\System32\OpenSSH\;C:\Program Files\NVIDIA GPU Computing Toolkit\CUDA\v9.0\extras\CUPTI\libx64;C:\cuda\bin;C:\Program Files\Intel\WiFi\bin\;C:\Program Files\Common Files\Intel\WirelessCommon\;C:\Program Files\Java\jdk1.8.0_181\bin;C:\Program Files\NVIDIA Corporation\NVIDIA NvDLISR;C:\Program Files\IVI Foundation\VISA\Win64\bin;C:\Program Files (x86)\IVI Foundation\VISA\WinNT\ktvisa;C:\Program Files (x86)\IVI Foundation\VISA\WinNT\bin;C:\Program Files (x86)\IVI Foundation\IVI\bin;C:\Program Files\IVI Foundation\IVI\bin;C:\Program Files (x86)\IVI Foundation\VISA\winnt\agvisa;C:\Users\Thameera\AppData\Local\Programs\Python\Python37\Scripts\;C:\Users\Thameera\AppData\Local\Programs\Python\Python37\;D:\Apps\python\Scripts\;D:\Apps\python\;C:\Users\Thameera\AppData\Local\Microsoft\WindowsApps;C:\Program Files\Java\jdk1.8.0_161\bin;C:\Users\Thameera\AppData\Roaming\npm;D:\Apps\Microsoft VS C
USERNAME=Thameera
OS=Windows_NT
PROCESSOR_IDENTIFIER=Intel64 Family 6 Model 142 Stepping 10, GenuineIntel



---------------  S Y S T E M  ---------------

OS: Windows 10 , 64 bit Build 19041 (10.0.19041.292)

CPU:total 8 (initial active 8) (4 cores per cpu, 2 threads per core) family 6 model 142 stepping 10, cmov, cx8, fxsr, mmx, sse, sse2, sse3, ssse3, sse4.1, sse4.2, popcnt, avx, avx2, aes, clmul, erms, 3dnowpref, lzcnt, ht, tsc, tscinvbit, bmi1, bmi2, adx, fma

Memory: 4k page, physical 16657200k(10252376k free), swap 19147568k(10894880k free)

vm_info: Java HotSpot(TM) 64-Bit Server VM (9.0.4+11) for windows-amd64 JRE (9.0.4+11), built on Dec 20 2017 02:18:54 by "mach5one" with MS VC++ 12.0 (VS2013)

END.
