Vivado Simulator 2019.2
Copyright 1986-1999, 2001-2019 Xilinx, Inc. All Rights Reserved.
Running: C:/Xilinx/Vivado/2019.2/bin/unwrapped/win64.o/xelab.exe -wto 6bb8bf578a9e4aa09ef36645183d6b7a --incr --debug typical --relax --mt 2 -L xil_defaultlib -L secureip -L xpm --snapshot tb_main_behav xil_defaultlib.tb_main -log elaborate.log 
Using 2 slave threads.
Starting static elaboration
Completed static elaboration
Starting simulation data flow analysis
Completed simulation data flow analysis
Time Resolution for simulation is 1ps
Compiling package std.standard
Compiling package std.textio
Compiling package ieee.std_logic_1164
Compiling package ieee.numeric_std
Compiling package unisim.vcomponents
Compiling package ieee.std_logic_arith
Compiling package ieee.std_logic_signed
Compiling package ieee.std_logic_textio
Compiling package ieee.vital_timing
Compiling package ieee.vital_primitives
Compiling package unisim.vpkg
Compiling architecture behavioral of entity xil_defaultlib.padding [padding_default]
Compiling architecture behavioral of entity xil_defaultlib.convolve [convolve_default]
Compiling architecture gnd_v of entity unisim.GND [gnd_default]
Compiling architecture rb18_internal_vhdl_v of entity unisim.RB18_INTERNAL_VHDL [\RB18_INTERNAL_VHDL(bram_size=18...]
Compiling architecture ramb18e1_v of entity unisim.RAMB18E1 [\RAMB18E1(doa_reg=1,dob_reg=1,in...]
Compiling architecture structure of entity xil_defaultlib.input_image_blk_mem_gen_prim_wrapper_init [input_image_blk_mem_gen_prim_wra...]
Compiling architecture structure of entity xil_defaultlib.input_image_blk_mem_gen_prim_width [input_image_blk_mem_gen_prim_wid...]
Compiling architecture structure of entity xil_defaultlib.input_image_blk_mem_gen_generic_cstr [input_image_blk_mem_gen_generic_...]
Compiling architecture structure of entity xil_defaultlib.input_image_blk_mem_gen_top [input_image_blk_mem_gen_top_defa...]
Compiling architecture structure of entity xil_defaultlib.input_image_blk_mem_gen_v8_4_4_synth [input_image_blk_mem_gen_v8_4_4_s...]
Compiling architecture structure of entity xil_defaultlib.input_image_blk_mem_gen_v8_4_4 [input_image_blk_mem_gen_v8_4_4_d...]
Compiling architecture structure of entity xil_defaultlib.input_image [input_image_default]
Compiling architecture rb18_internal_vhdl_v of entity unisim.RB18_INTERNAL_VHDL [\RB18_INTERNAL_VHDL(bram_size=18...]
Compiling architecture ramb18e1_v of entity unisim.RAMB18E1 [\RAMB18E1(doa_reg=1,dob_reg=1,in...]
Compiling architecture structure of entity xil_defaultlib.padded_image_blk_mem_gen_prim_wrapper_init [padded_image_blk_mem_gen_prim_wr...]
Compiling architecture structure of entity xil_defaultlib.padded_image_blk_mem_gen_prim_width [padded_image_blk_mem_gen_prim_wi...]
Compiling architecture structure of entity xil_defaultlib.padded_image_blk_mem_gen_generic_cstr [padded_image_blk_mem_gen_generic...]
Compiling architecture structure of entity xil_defaultlib.padded_image_blk_mem_gen_top [padded_image_blk_mem_gen_top_def...]
Compiling architecture structure of entity xil_defaultlib.padded_image_blk_mem_gen_v8_4_4_synth [padded_image_blk_mem_gen_v8_4_4_...]
Compiling architecture structure of entity xil_defaultlib.padded_image_blk_mem_gen_v8_4_4 [padded_image_blk_mem_gen_v8_4_4_...]
Compiling architecture structure of entity xil_defaultlib.padded_image [padded_image_default]
Compiling architecture rb18_internal_vhdl_v of entity unisim.RB18_INTERNAL_VHDL [\RB18_INTERNAL_VHDL(bram_size=18...]
Compiling architecture ramb18e1_v of entity unisim.RAMB18E1 [\RAMB18E1(doa_reg=1,dob_reg=1,re...]
Compiling architecture structure of entity xil_defaultlib.output_image_blk_mem_gen_prim_wrapper [output_image_blk_mem_gen_prim_wr...]
Compiling architecture structure of entity xil_defaultlib.output_image_blk_mem_gen_prim_width [output_image_blk_mem_gen_prim_wi...]
Compiling architecture structure of entity xil_defaultlib.output_image_blk_mem_gen_generic_cstr [output_image_blk_mem_gen_generic...]
Compiling architecture structure of entity xil_defaultlib.output_image_blk_mem_gen_top [output_image_blk_mem_gen_top_def...]
Compiling architecture structure of entity xil_defaultlib.output_image_blk_mem_gen_v8_4_4_synth [output_image_blk_mem_gen_v8_4_4_...]
Compiling architecture structure of entity xil_defaultlib.output_image_blk_mem_gen_v8_4_4 [output_image_blk_mem_gen_v8_4_4_...]
Compiling architecture structure of entity xil_defaultlib.output_image [output_image_default]
Compiling architecture behavioral of entity xil_defaultlib.fsm [fsm_default]
Compiling architecture arch of entity xil_defaultlib.uart_rx [uart_rx_default]
Compiling architecture arch of entity xil_defaultlib.uart_tx [uart_tx_default]
Compiling architecture behavioral of entity xil_defaultlib.baud_generator [baud_generator_default]
Compiling architecture behavioral of entity xil_defaultlib.UART [uart_default]
Compiling architecture behavioral of entity xil_defaultlib.main [main_default]
Compiling architecture behavioral of entity xil_defaultlib.tb_main
Built simulation snapshot tb_main_behav
